{"logTime": "0416/000931", "correlationVector":"ANuKmsFPvrv3L2aLy3lrgU.2","action":"Commit Response", "result":"Success", "context":Result: Success. cV=ANuKmsFPvrv3L2aLy3lrgU.0;server=akswtt11300001q;cloudType=Consumer;environment=Prod_francecentral_prod-s01-062-eur-francecentral;migrationStage=NotStarted}
{"logTime": "0416/000932", "correlationVector":"6tk6p7M92V7N4t+W7pEp/9","action":"Normal GetUpdate request", "result":"", "context":cV=6tk6p7M92V7N4t+W7pEp/9
Nudged types: Sessions, History
Notified types: Preferences}
{"logTime": "0416/000932", "correlationVector":"6tk6p7M92V7N4t+W7pEp/9.1","action":"SyncServerConnectionManagerRequest", "result":"SYNC_SERVER_OK", "context":{"environment":"Prod_francecentral_prod-s01-062-eur-francecentral", "migrationStage":"NotStarted", "server":"akswtt11300000v"}}
{"logTime": "0416/000932", "correlationVector":"6tk6p7M92V7N4t+W7pEp/9.2","action":"ProcessGetUpdates", "result":"Done", "context":{"dataType":"Preferences", "deleted":"0", "process_failed_to_decrypt":"0", "process_pending_decryption":"0", "process_success":"1", "total":"1"}}
{"logTime": "0416/000932", "correlationVector":"6tk6p7M92V7N4t+W7pEp/9.3","action":"ProcessGetUpdates", "result":"Done", "context":{"dataType":"Sessions", "deleted":"0", "process_failed_to_decrypt":"0", "process_pending_decryption":"0", "process_success":"3", "total":"3"}}
{"logTime": "0416/000932", "correlationVector":"6tk6p7M92V7N4t+W7pEp/9.4","action":"ProcessGetUpdates", "result":"Done", "context":{"dataType":"History", "deleted":"0", "process_failed_to_decrypt":"0", "process_pending_decryption":"0", "process_success":"1", "total":"1"}}
{"logTime": "0416/000932", "correlationVector":"6tk6p7M92V7N4t+W7pEp/9.5","action":"GetUpdates Response", "result":"Success", "context":Received 5 update(s). cV=6tk6p7M92V7N4t+W7pEp/9.0;server=akswtt11300000v;cloudType=Consumer;environment=Prod_francecentral_prod-s01-062-eur-francecentral;migrationStage=NotStarted}
{"logTime": "0416/001034", "correlationVector":"DD20Sc1d3zVvAPOqj39vBd","action":"Commit Request", "result":"", "context":Item count: 2
Contributing types: Sessions}
{"logTime": "0416/001035", "correlationVector":"DD20Sc1d3zVvAPOqj39vBd.1","action":"SyncServerConnectionManagerRequest", "result":"SYNC_SERVER_OK", "context":{"environment":"Prod_francecentral_prod-s01-062-eur-francecentral", "migrationStage":"NotStarted", "server":"akswtt11300001i"}}
{"logTime": "0416/001035", "correlationVector":"DD20Sc1d3zVvAPOqj39vBd.3","action":"Commit.Sessions", "result":"Success", "context":{"id":"2dd5f4fe-8f79-492b-ab0b-9fc09806d48e", "isDeleted":"true", "size":"0", "version":"1776298170392"}}
{"logTime": "0416/001035", "correlationVector":"DD20Sc1d3zVvAPOqj39vBd.2","action":"Commit Response", "result":"Success", "context":Result: Success. cV=DD20Sc1d3zVvAPOqj39vBd.0;server=akswtt11300001i;cloudType=Consumer;environment=Prod_francecentral_prod-s01-062-eur-francecentral;migrationStage=NotStarted}
{"logTime": "0416/001043", "correlationVector":"+qjWcJGBlb1+kzLE/McnL0","action":"Normal GetUpdate request", "result":"", "context":cV=+qjWcJGBlb1+kzLE/McnL0
Notified types: History}
{"logTime": "0416/001043", "correlationVector":"+qjWcJGBlb1+kzLE/McnL0.1","action":"SyncServerConnectionManagerRequest", "result":"SYNC_SERVER_OK", "context":{"environment":"Prod_francecentral_prod-s01-062-eur-francecentral", "migrationStage":"NotStarted", "server":"akswtt11300001q"}}
{"logTime": "0416/001043", "correlationVector":"+qjWcJGBlb1+kzLE/McnL0.2","action":"ProcessGetUpdates", "result":"Done", "context":{"dataType":"Sessions", "deleted":"1", "process_failed_to_decrypt":"0", "process_pending_decryption":"0", "process_success":"5", "total":"5"}}
{"logTime": "0416/001043", "correlationVector":"+qjWcJGBlb1+kzLE/McnL0.3","action":"ProcessGetUpdates", "result":"Done", "context":{"dataType":"History", "deleted":"0", "process_failed_to_decrypt":"0", "process_pending_decryption":"0", "process_success":"5", "total":"5"}}
{"logTime": "0416/001043", "correlationVector":"+qjWcJGBlb1+kzLE/McnL0.4","action":"GetUpdates Response", "result":"Success", "context":Received 10 update(s). cV=+qjWcJGBlb1+kzLE/McnL0.0;server=akswtt11300001q;cloudType=Consumer;environment=Prod_francecentral_prod-s01-062-eur-francecentral;migrationStage=NotStarted}
{"logTime": "0416/001055", "correlationVector":"/ItlYhrxp6ZjrO0Y538tpU","action":"Normal GetUpdate request", "result":"", "context":cV=/ItlYhrxp6ZjrO0Y538tpU
Notified types: Device Info, History}
{"logTime": "0416/001056", "correlationVector":"/ItlYhrxp6ZjrO0Y538tpU.1","action":"SyncServerConnectionManagerRequest", "result":"SYNC_SERVER_OK", "context":{"environment":"Prod_francecentral_prod-s01-062-eur-francecentral", "migrationStage":"NotStarted", "server":"akswtt11300001q"}}
{"logTime": "0416/001056", "correlationVector":"/ItlYhrxp6ZjrO0Y538tpU.2","action":"ProcessGetUpdates", "result":"Done", "context":{"dataType":"Sessions", "deleted":"0", "process_failed_to_decrypt":"0", "process_pending_decryption":"0", "process_success":"1", "total":"1"}}
{"logTime": "0416/001056", "correlationVector":"/ItlYhrxp6ZjrO0Y538tpU.3","action":"ProcessGetUpdates", "result":"Done", "context":{"dataType":"Device Info", "deleted":"0", "process_failed_to_decrypt":"0", "process_pending_decryption":"0", "process_success":"1", "total":"1"}}
{"logTime": "0416/001056", "correlationVector":"/ItlYhrxp6ZjrO0Y538tpU.4","action":"ProcessGetUpdates", "result":"Done", "context":{"dataType":"History", "deleted":"0", "process_failed_to_decrypt":"0", "process_pending_decryption":"0", "process_success":"1", "total":"1"}}
{"logTime": "0416/001056", "correlationVector":"/ItlYhrxp6ZjrO0Y538tpU.5","action":"GetUpdates Response", "result":"Success", "context":Received 3 update(s). cV=/ItlYhrxp6ZjrO0Y538tpU.0;server=akswtt11300001q;cloudType=Consumer;environment=Prod_francecentral_prod-s01-062-eur-francecentral;migrationStage=NotStarted}
{"logTime": "0416/001058", "correlationVector":"gReUU078YDxYKI50sKup0X","action":"Normal GetUpdate request", "result":"", "context":cV=gReUU078YDxYKI50sKup0X
Notified types: Preferences}
{"logTime": "0416/001058", "correlationVector":"gReUU078YDxYKI50sKup0X.1","action":"SyncServerConnectionManagerRequest", "result":"SYNC_SERVER_OK", "context":{"environment":"Prod_francecentral_prod-s01-062-eur-francecentral", "migrationStage":"NotStarted", "server":"akswtt11300000c"}}
{"logTime": "0416/001058", "correlationVector":"gReUU078YDxYKI50sKup0X.2","action":"ProcessGetUpdates", "result":"Done", "context":{"dataType":"Preferences", "deleted":"0", "process_failed_to_decrypt":"0", "process_pending_decryption":"0", "process_success":"1", "total":"1"}}
{"logTime": "0416/001058", "correlationVector":"gReUU078YDxYKI50sKup0X.3","action":"GetUpdates Response", "result":"Success", "context":Received 1 update(s). cV=gReUU078YDxYKI50sKup0X.0;server=akswtt11300000c;cloudType=Consumer;environment=Prod_francecentral_prod-s01-062-eur-francecentral;migrationStage=NotStarted}
{"logTime": "0416/001416", "correlationVector":"VvU5qQ3GH7ij5sYTKkZl4Y","action":"Normal GetUpdate request", "result":"", "context":cV=VvU5qQ3GH7ij5sYTKkZl4Y
Notified types: Extension settings, History}
{"logTime": "0416/001503", "correlationVector":"VvU5qQ3GH7ij5sYTKkZl4Y.1","action":"SyncServerConnectionManagerRequest", "result":"SYNC_SERVER_OK", "context":{"environment":"Prod_francecentral_prod-s01-062-eur-francecentral", "migrationStage":"NotStarted", "server":"akswtt113000004"}}
{"logTime": "0416/001503", "correlationVector":"VvU5qQ3GH7ij5sYTKkZl4Y.2","action":"ProcessGetUpdates", "result":"Done", "context":{"dataType":"Sessions", "deleted":"0", "process_failed_to_decrypt":"0", "process_pending_decryption":"0", "process_success":"2", "total":"2"}}
{"logTime": "0416/001503", "correlationVector":"VvU5qQ3GH7ij5sYTKkZl4Y.3","action":"ProcessGetUpdates", "result":"Done", "context":{"dataType":"Extension settings", "deleted":"0", "process_failed_to_decrypt":"0", "process_pending_decryption":"0", "process_success":"1", "total":"1"}}
{"logTime": "0416/001503", "correlationVector":"VvU5qQ3GH7ij5sYTKkZl4Y.4","action":"ProcessGetUpdates", "result":"Done", "context":{"dataType":"History", "deleted":"0", "process_failed_to_decrypt":"0", "process_pending_decryption":"0", "process_success":"5", "total":"5"}}
{"logTime": "0416/001503", "correlationVector":"VvU5qQ3GH7ij5sYTKkZl4Y.5","action":"GetUpdates Response", "result":"Success", "context":Received 8 update(s). cV=VvU5qQ3GH7ij5sYTKkZl4Y.0;server=akswtt113000004;cloudType=Consumer;environment=Prod_francecentral_prod-s01-062-eur-francecentral;migrationStage=NotStarted}
{"logTime": "0416/001503", "correlationVector":"cI0mkYz7oKDVNU7PQAEbA0","action":"Commit Request", "result":"", "context":Item count: 1
Contributing types: Sessions}
{"logTime": "0416/001503", "correlationVector":"cI0mkYz7oKDVNU7PQAEbA0.1","action":"SyncServerConnectionManagerRequest", "result":"SYNC_SERVER_OK", "context":{"environment":"Prod_francecentral_prod-s01-062-eur-francecentral", "migrationStage":"NotStarted", "server":"akswtt11300000m"}}
{"logTime": "0416/001503", "correlationVector":"cI0mkYz7oKDVNU7PQAEbA0.2","action":"Commit Response", "result":"Success", "context":Result: Success. cV=cI0mkYz7oKDVNU7PQAEbA0.0;server=akswtt11300000m;cloudType=Consumer;environment=Prod_francecentral_prod-s01-062-eur-francecentral;migrationStage=NotStarted}
{"logTime": "0416/001505", "correlationVector":"fR/hO6XnXieTPkYbMvUCvY","action":"Commit Request", "result":"", "context":Item count: 1
Contributing types: Device Info}
{"logTime": "0416/001506", "correlationVector":"fR/hO6XnXieTPkYbMvUCvY.1","action":"SyncServerConnectionManagerRequest", "result":"SYNC_SERVER_OK", "context":{"environment":"Prod_francecentral_prod-s01-062-eur-francecentral", "migrationStage":"NotStarted", "server":"akswtt11300000q"}}
{"logTime": "0416/001506", "correlationVector":"fR/hO6XnXieTPkYbMvUCvY.2","action":"Commit Response", "result":"Success", "context":Result: Success. cV=fR/hO6XnXieTPkYbMvUCvY.0;server=akswtt11300000q;cloudType=Consumer;environment=Prod_francecentral_prod-s01-062-eur-francecentral;migrationStage=NotStarted}
{"logTime": "0416/001510", "correlationVector":"51nZPqeHgQUyBFhxrm3wtJ","action":"Normal GetUpdate request", "result":"", "context":cV=51nZPqeHgQUyBFhxrm3wtJ
Notified types: History}
{"logTime": "0416/001511", "correlationVector":"51nZPqeHgQUyBFhxrm3wtJ.1","action":"SyncServerConnectionManagerRequest", "result":"SYNC_SERVER_OK", "context":{"environment":"Prod_francecentral_prod-s01-062-eur-francecentral", "migrationStage":"NotStarted", "server":"akswtt11300001q"}}
{"logTime": "0416/001511", "correlationVector":"51nZPqeHgQUyBFhxrm3wtJ.2","action":"ProcessGetUpdates", "result":"Done", "context":{"dataType":"Sessions", "deleted":"0", "process_failed_to_decrypt":"0", "process_pending_decryption":"0", "process_success":"2", "total":"2"}}
{"logTime": "0416/001511", "correlationVector":"51nZPqeHgQUyBFhxrm3wtJ.3","action":"ProcessGetUpdates", "result":"Done", "context":{"dataType":"Device Info", "deleted":"0", "process_failed_to_decrypt":"0", "process_pending_decryption":"0", "process_success":"1", "total":"1"}}
{"logTime": "0416/001511", "correlationVector":"51nZPqeHgQUyBFhxrm3wtJ.4","action":"ProcessGetUpdates", "result":"Done", "context":{"dataType":"History", "deleted":"0", "process_failed_to_decrypt":"0", "process_pending_decryption":"0", "process_success":"1", "total":"1"}}
{"logTime": "0416/001511", "correlationVector":"51nZPqeHgQUyBFhxrm3wtJ.5","action":"GetUpdates Response", "result":"Success", "context":Received 4 update(s). cV=51nZPqeHgQUyBFhxrm3wtJ.0;server=akswtt11300001q;cloudType=Consumer;environment=Prod_francecentral_prod-s01-062-eur-francecentral;migrationStage=NotStarted}
{"logTime": "0416/002046", "correlationVector":"Vx6NEjgyiZpD8P0hB0aPvu","action":"Normal GetUpdate request", "result":"", "context":cV=Vx6NEjgyiZpD8P0hB0aPvu
Notified types: History}
{"logTime": "0416/002047", "correlationVector":"Vx6NEjgyiZpD8P0hB0aPvu.1","action":"SyncServerConnectionManagerRequest", "result":"SYNC_SERVER_OK", "context":{"environment":"Prod_francecentral_prod-s01-062-eur-francecentral", "migrationStage":"NotStarted", "server":"akswtt11300000x"}}
{"logTime": "0416/002047", "correlationVector":"Vx6NEjgyiZpD8P0hB0aPvu.2","action":"ProcessGetUpdates", "result":"Done", "context":{"dataType":"Sessions", "deleted":"0", "process_failed_to_decrypt":"0", "process_pending_decryption":"0", "process_success":"2", "total":"2"}}
{"logTime": "0416/002047", "correlationVector":"Vx6NEjgyiZpD8P0hB0aPvu.3","action":"ProcessGetUpdates", "result":"Done", "context":{"dataType":"History", "deleted":"0", "process_failed_to_decrypt":"0", "process_pending_decryption":"0", "process_success":"2", "total":"2"}}
{"logTime": "0416/002047", "correlationVector":"Vx6NEjgyiZpD8P0hB0aPvu.4","action":"GetUpdates Response", "result":"Success", "context":Received 4 update(s). cV=Vx6NEjgyiZpD8P0hB0aPvu.0;server=akswtt11300000x;cloudType=Consumer;environment=Prod_francecentral_prod-s01-062-eur-francecentral;migrationStage=NotStarted}
{"logTime": "0416/002212", "correlationVector":"HRteB80m62lO5KNekH8yOU","action":"Commit Request", "result":"", "context":Item count: 1
Contributing types: Sessions}
{"logTime": "0416/002213", "correlationVector":"HRteB80m62lO5KNekH8yOU.1","action":"SyncServerConnectionManagerRequest", "result":"SYNC_SERVER_OK", "context":{"environment":"Prod_francecentral_prod-s01-062-eur-francecentral", "migrationStage":"NotStarted", "server":"akswtt11300000q"}}
{"logTime": "0416/002213", "correlationVector":"HRteB80m62lO5KNekH8yOU.2","action":"Commit Response", "result":"Success", "context":Result: Success. cV=HRteB80m62lO5KNekH8yOU.0;server=akswtt11300000q;cloudType=Consumer;environment=Prod_francecentral_prod-s01-062-eur-francecentral;migrationStage=NotStarted}
{"logTime": "0416/002323", "correlationVector":"b0lONxGJzFgjjgG9AnLdpm","action":"Commit Request", "result":"", "context":Item count: 3
Contributing types: Sessions, History}
{"logTime": "0416/002343", "correlationVector":"b0lONxGJzFgjjgG9AnLdpm.1","action":"SyncServerConnectionManagerRequest", "result":"SYNC_SERVER_OK", "context":{"environment":"Prod_francecentral_prod-s01-062-eur-francecentral", "migrationStage":"NotStarted", "server":"akswtt11300001l"}}
{"logTime": "0416/002343", "correlationVector":"b0lONxGJzFgjjgG9AnLdpm.2","action":"Commit Response", "result":"Success", "context":Result: Success. cV=b0lONxGJzFgjjgG9AnLdpm.0;server=akswtt11300001l;cloudType=Consumer;environment=Prod_francecentral_prod-s01-062-eur-francecentral;migrationStage=NotStarted}
{"logTime": "0416/002344", "correlationVector":"UKPQpCpv9+RVCtErQIVOsB","action":"Normal GetUpdate request", "result":"", "context":cV=UKPQpCpv9+RVCtErQIVOsB
Notified types: History}
{"logTime": "0416/002345", "correlationVector":"UKPQpCpv9+RVCtErQIVOsB.1","action":"SyncServerConnectionManagerRequest", "result":"SYNC_SERVER_OK", "context":{"environment":"Prod_francecentral_prod-s01-062-eur-francecentral", "migrationStage":"NotStarted", "server":"akswtt11300001y"}}
{"logTime": "0416/002345", "correlationVector":"UKPQpCpv9+RVCtErQIVOsB.2","action":"ProcessGetUpdates", "result":"Done", "context":{"dataType":"Sessions", "deleted":"0", "process_failed_to_decrypt":"0", "process_pending_decryption":"0", "process_success":"3", "total":"3"}}
{"logTime": "0416/002345", "correlationVector":"UKPQpCpv9+RVCtErQIVOsB.3","action":"ProcessGetUpdates", "result":"Done", "context":{"dataType":"History", "deleted":"0", "process_failed_to_decrypt":"0", "process_pending_decryption":"0", "process_success":"4", "total":"4"}}
{"logTime": "0416/002345", "correlationVector":"UKPQpCpv9+RVCtErQIVOsB.4","action":"GetUpdates Response", "result":"Success", "context":Received 7 update(s). cV=UKPQpCpv9+RVCtErQIVOsB.0;server=akswtt11300001y;cloudType=Consumer;environment=Prod_francecentral_prod-s01-062-eur-francecentral;migrationStage=NotStarted}
{"logTime": "0416/002415", "correlationVector":"tgPHfK1sSFJt58+w7GSfhf","action":"Normal GetUpdate request", "result":"", "context":cV=tgPHfK1sSFJt58+w7GSfhf
Notified types: Extension settings}
{"logTime": "0416/002415", "correlationVector":"tgPHfK1sSFJt58+w7GSfhf.1","action":"SyncServerConnectionManagerRequest", "result":"SYNC_SERVER_OK", "context":{"environment":"Prod_francecentral_prod-s01-062-eur-francecentral", "migrationStage":"NotStarted", "server":"akswtt11300001j"}}
{"logTime": "0416/002415", "correlationVector":"tgPHfK1sSFJt58+w7GSfhf.2","action":"ProcessGetUpdates", "result":"Done", "context":{"dataType":"Extension settings", "deleted":"0", "process_failed_to_decrypt":"0", "process_pending_decryption":"0", "process_success":"1", "total":"1"}}
{"logTime": "0416/002415", "correlationVector":"tgPHfK1sSFJt58+w7GSfhf.3","action":"GetUpdates Response", "result":"Success", "context":Received 1 update(s). cV=tgPHfK1sSFJt58+w7GSfhf.0;server=akswtt11300001j;cloudType=Consumer;environment=Prod_francecentral_prod-s01-062-eur-francecentral;migrationStage=NotStarted}
{"logTime": "0416/002632", "correlationVector":"ITyhu+K9RTxHeQ99RwyCSz","action":"Normal GetUpdate request", "result":"", "context":cV=ITyhu+K9RTxHeQ99RwyCSz
Nudged types: Sessions
Notified types: History}
{"logTime": "0416/002632", "correlationVector":"ITyhu+K9RTxHeQ99RwyCSz.1","action":"SyncServerConnectionManagerRequest", "result":"SYNC_SERVER_OK", "context":{"environment":"Prod_francecentral_prod-s01-062-eur-francecentral", "migrationStage":"NotStarted", "server":"akswtt113000005"}}
{"logTime": "0416/002632", "correlationVector":"ITyhu+K9RTxHeQ99RwyCSz.2","action":"ProcessGetUpdates", "result":"Done", "context":{"dataType":"Sessions", "deleted":"0", "process_failed_to_decrypt":"0", "process_pending_decryption":"0", "process_success":"1", "total":"1"}}
{"logTime": "0416/002632", "correlationVector":"ITyhu+K9RTxHeQ99RwyCSz.3","action":"ProcessGetUpdates", "result":"Done", "context":{"dataType":"History", "deleted":"0", "process_failed_to_decrypt":"0", "process_pending_decryption":"0", "process_success":"2", "total":"2"}}
{"logTime": "0416/002632", "correlationVector":"ITyhu+K9RTxHeQ99RwyCSz.4","action":"GetUpdates Response", "result":"Success", "context":Received 3 update(s). cV=ITyhu+K9RTxHeQ99RwyCSz.0;server=akswtt113000005;cloudType=Consumer;environment=Prod_francecentral_prod-s01-062-eur-francecentral;migrationStage=NotStarted}
{"logTime": "0416/002632", "correlationVector":"BDNZGCzU1umbHXP/YDAm2b","action":"Commit Request", "result":"", "context":Item count: 1
Contributing types: Sessions}
{"logTime": "0416/002632", "correlationVector":"BDNZGCzU1umbHXP/YDAm2b.1","action":"SyncServerConnectionManagerRequest", "result":"SYNC_SERVER_OK", "context":{"environment":"Prod_francecentral_prod-s01-062-eur-francecentral", "migrationStage":"NotStarted", "server":"akswtt11300000e"}}
{"logTime": "0416/002632", "correlationVector":"BDNZGCzU1umbHXP/YDAm2b.2","action":"Commit Response", "result":"Success", "context":Result: Success. cV=BDNZGCzU1umbHXP/YDAm2b.0;server=akswtt11300000e;cloudType=Consumer;environment=Prod_francecentral_prod-s01-062-eur-francecentral;migrationStage=NotStarted}
{"logTime": "0416/002732", "correlationVector":"0JOVnTqLZhyPJMIqhHahcY","action":"Commit Request", "result":"", "context":Item count: 1
Contributing types: Sessions}
{"logTime": "0416/002733", "correlationVector":"0JOVnTqLZhyPJMIqhHahcY.1","action":"SyncServerConnectionManagerRequest", "result":"SYNC_SERVER_OK", "context":{"environment":"Prod_francecentral_prod-s01-062-eur-francecentral", "migrationStage":"NotStarted", "server":"akswtt11300000e"}}
{"logTime": "0416/002733", "correlationVector":"0JOVnTqLZhyPJMIqhHahcY.2","action":"Commit Response", "result":"Success", "context":Result: Success. cV=0JOVnTqLZhyPJMIqhHahcY.0;server=akswtt11300000e;cloudType=Consumer;environment=Prod_francecentral_prod-s01-062-eur-francecentral;migrationStage=NotStarted}
{"logTime": "0416/002804", "correlationVector":"UHvT3ayPL+I9Q1N2r226V/","action":"Normal GetUpdate request", "result":"", "context":cV=UHvT3ayPL+I9Q1N2r226V/
Notified types: History}
{"logTime": "0416/002804", "correlationVector":"UHvT3ayPL+I9Q1N2r226V/.1","action":"SyncServerConnectionManagerRequest", "result":"SYNC_SERVER_OK", "context":{"environment":"Prod_francecentral_prod-s01-062-eur-francecentral", "migrationStage":"NotStarted", "server":"akswtt11300000e"}}
{"logTime": "0416/002804", "correlationVector":"UHvT3ayPL+I9Q1N2r226V/.2","action":"ProcessGetUpdates", "result":"Done", "context":{"dataType":"Sessions", "deleted":"0", "process_failed_to_decrypt":"0", "process_pending_decryption":"0", "process_success":"2", "total":"2"}}
{"logTime": "0416/002804", "correlationVector":"UHvT3ayPL+I9Q1N2r226V/.3","action":"ProcessGetUpdates", "result":"Done", "context":{"dataType":"History", "deleted":"0", "process_failed_to_decrypt":"0", "process_pending_decryption":"0", "process_success":"2", "total":"2"}}
{"logTime": "0416/002804", "correlationVector":"UHvT3ayPL+I9Q1N2r226V/.4","action":"GetUpdates Response", "result":"Success", "context":Received 4 update(s). cV=UHvT3ayPL+I9Q1N2r226V/.0;server=akswtt11300000e;cloudType=Consumer;environment=Prod_francecentral_prod-s01-062-eur-francecentral;migrationStage=NotStarted}
{"logTime": "0423/222914", "correlationVector":"KZxvdtkeRSp0wDVlANV/Yf.1","action":"SyncServerConnectionManagerRequest", "result":"SYNC_SERVER_OK", "context":{"environment":"Prod_francecentral_prod-s01-062-eur-francecentral", "migrationStage":"NotStarted", "server":"akswtt114000013"}}
{"logTime": "0423/222914", "correlationVector":"KZxvdtkeRSp0wDVlANV/Yf.2","action":"ProcessGetUpdates", "result":"Done", "context":{"dataType":"Encryption Keys", "deleted":"0", "process_failed_to_decrypt":"0", "process_pending_decryption":"0", "process_success":"1", "total":"1"}}
{"logTime": "0423/222915", "correlationVector":"6vj3AKn+wJaydul8ouOOzb","action":"SyncServerConnectionManagerRequest", "result":"SYNC_SERVER_OK", "context":{"environment":"", "migrationStage":"", "server":""}}
{"logTime": "0423/222915", "correlationVector":"6vj3AKn+wJaydul8ouOOzb.0","action":"EncryptionKeysFetcher.DownloadKeys:", "result":"Success", "context":Key count: 4, Last key timestamp: 2026-01-20T13:50:32Z}
{"logTime": "0423/222915", "correlationVector":"6vj3AKn+wJaydul8ouOOzb.1","action":"EncryptionKeysManager::SetEncryptionKeys:", "result":"Success", "context":Key names[4]:[gyVx9dZkBL3MJE2nw7jDkFX22NyM3Tu+Ra+cGYhOUyV0v3dPtxDMrdV09B1cmj9B6VPkI6QkAitPAdwBEVf9sA==][5XdURZUnosKQzhDD3wL+bdwnMqiv+U6X846hAIqrZNcKgVeLyEnBJ7N8PWY+92Mv2trxWT+mP/rmwnLYhN5J/A==][qgkf12ey1NasTDm1g20JLLSAjwPVM30TGskDixGPkJ4nmpMvWFeWBYiAHFt6qTlYCKk986bShaU8H4Dt8CQDqw==][EiI511vVn+A4AGkD6dxCmRbnaN+X/f+D5kWRrTHPOFAk537H47rMQSo/x9ArMuyCmrVNr9pfuzWY0hm0IzfNMA==]}
{"logTime": "0423/222915", "correlationVector":"6vj3AKn+wJaydul8ouOOzb.2","action":"EncryptionKeysManager::SetEncryptionKeysWithTimestamps:", "result":"Success", "context":Key timestamps[4]:[2024-09-08T20:07:40Z][2025-01-24T00:25:48Z][2025-07-24T11:09:23Z][2026-01-20T13:50:32Z]}
{"logTime": "0423/222915", "correlationVector":"KZxvdtkeRSp0wDVlANV/Yf","action":"Initial GetUpdates", "result":"", "context":Reason: NEW_CLIENT. cV=KZxvdtkeRSp0wDVlANV/Yf}
{"logTime": "0423/222915", "correlationVector":"KZxvdtkeRSp0wDVlANV/Yf.3","action":"GetUpdates Response", "result":"Success", "context":Received 1 update(s). cV=KZxvdtkeRSp0wDVlANV/Yf.0;server=akswtt114000013;cloudType=Consumer;environment=Prod_francecentral_prod-s01-062-eur-francecentral;migrationStage=NotStarted}
{"logTime": "0423/222915", "correlationVector":"92YjpJfbpn2EtqNswBkbsc","action":"Initial GetUpdates", "result":"", "context":Reason: NEWLY_SUPPORTED_DATATYPE. cV=92YjpJfbpn2EtqNswBkbsc}
{"logTime": "0423/222916", "correlationVector":"92YjpJfbpn2EtqNswBkbsc.1","action":"SyncServerConnectionManagerRequest", "result":"SYNC_SERVER_OK", "context":{"environment":"Prod_francecentral_prod-s01-062-eur-francecentral", "migrationStage":"NotStarted", "server":"akswtt11400000x"}}
{"logTime": "0423/222916", "correlationVector":"92YjpJfbpn2EtqNswBkbsc.2","action":"ProcessGetUpdates", "result":"Done", "context":{"dataType":"Preferences", "deleted":"1", "process_failed_to_decrypt":"0", "process_pending_decryption":"0", "process_success":"117", "total":"117"}}
{"logTime": "0423/222917", "correlationVector":"92YjpJfbpn2EtqNswBkbsc.3","action":"ProcessGetUpdates", "result":"Done", "context":{"dataType":"Passwords", "deleted":"0", "process_failed_to_decrypt":"0", "process_pending_decryption":"0", "process_success":"31", "total":"31"}}
{"logTime": "0423/222917", "correlationVector":"92YjpJfbpn2EtqNswBkbsc.4","action":"ProcessGetUpdates", "result":"Done", "context":{"dataType":"Device Info", "deleted":"0", "process_failed_to_decrypt":"0", "process_pending_decryption":"0", "process_success":"28", "total":"28"}}
{"logTime": "0423/222917", "correlationVector":"92YjpJfbpn2EtqNswBkbsc.5","action":"GetUpdates Response", "result":"Success", "context":Received 176 update(s). cV=92YjpJfbpn2EtqNswBkbsc.0;server=akswtt11400000x;cloudType=Consumer;environment=Prod_francecentral_prod-s01-062-eur-francecentral;migrationStage=NotStarted}
{"logTime": "0423/222917", "correlationVector":"9xmWfy5jhphXqv2DfdhREj","action":"Initial GetUpdates", "result":"", "context":Reason: NEWLY_SUPPORTED_DATATYPE. cV=9xmWfy5jhphXqv2DfdhREj}
{"logTime": "0423/222917", "correlationVector":"9xmWfy5jhphXqv2DfdhREj.1","action":"SyncServerConnectionManagerRequest", "result":"SYNC_SERVER_OK", "context":{"environment":"Prod_francecentral_prod-s01-062-eur-francecentral", "migrationStage":"NotStarted", "server":"akswtt114000012"}}
{"logTime": "0423/222917", "correlationVector":"9xmWfy5jhphXqv2DfdhREj.2","action":"ProcessGetUpdates", "result":"Done", "context":{"dataType":"Bookmarks", "deleted":"1", "process_failed_to_decrypt":"0", "process_pending_decryption":"0", "process_success":"148", "total":"148"}}
{"logTime": "0423/222917", "correlationVector":"9xmWfy5jhphXqv2DfdhREj.3","action":"GetUpdates Response", "result":"Success", "context":Received 148 update(s). cV=9xmWfy5jhphXqv2DfdhREj.0;server=akswtt114000012;cloudType=Consumer;environment=Prod_francecentral_prod-s01-062-eur-francecentral;migrationStage=NotStarted}
{"logTime": "0423/222917", "correlationVector":"EN/tcrYOAcQntnomp+Q6V+","action":"Initial GetUpdates", "result":"", "context":Reason: NEWLY_SUPPORTED_DATATYPE. cV=EN/tcrYOAcQntnomp+Q6V+}
{"logTime": "0423/222918", "correlationVector":"EN/tcrYOAcQntnomp+Q6V+.1","action":"SyncServerConnectionManagerRequest", "result":"SYNC_SERVER_OK", "context":{"environment":"Prod_francecentral_prod-s01-062-eur-francecentral", "migrationStage":"NotStarted", "server":"akswtt114000008"}}
{"logTime": "0423/222918", "correlationVector":"EN/tcrYOAcQntnomp+Q6V+.2","action":"ProcessGetUpdates", "result":"Done", "context":{"dataType":"Autofill", "deleted":"0", "process_failed_to_decrypt":"0", "process_pending_decryption":"0", "process_success":"250", "total":"250"}}
{"logTime": "0423/222918", "correlationVector":"EN/tcrYOAcQntnomp+Q6V+.3","action":"GetUpdates Response", "result":"Success", "context":Received 250 update(s). cV=EN/tcrYOAcQntnomp+Q6V+.0;server=akswtt114000008;cloudType=Consumer;environment=Prod_francecentral_prod-s01-062-eur-francecentral;migrationStage=NotStarted Some updates remain.}
{"logTime": "0423/222918", "correlationVector":"R0BK0P2a1h9zn60VMOdPW9","action":"Initial GetUpdates", "result":"", "context":Reason: NEWLY_SUPPORTED_DATATYPE. cV=R0BK0P2a1h9zn60VMOdPW9}
{"logTime": "0423/222918", "correlationVector":"R0BK0P2a1h9zn60VMOdPW9.1","action":"SyncServerConnectionManagerRequest", "result":"SYNC_SERVER_OK", "context":{"environment":"Prod_francecentral_prod-s01-062-eur-francecentral", "migrationStage":"NotStarted", "server":"akswtt114000012"}}
{"logTime": "0423/222918", "correlationVector":"R0BK0P2a1h9zn60VMOdPW9.2","action":"ProcessGetUpdates", "result":"Done", "context":{"dataType":"Autofill", "deleted":"0", "process_failed_to_decrypt":"0", "process_pending_decryption":"0", "process_success":"60", "total":"60"}}
{"logTime": "0423/222918", "correlationVector":"R0BK0P2a1h9zn60VMOdPW9.3","action":"ProcessGetUpdates", "result":"Done", "context":{"dataType":"Saved Tab Group", "deleted":"190", "process_failed_to_decrypt":"0", "process_pending_decryption":"0", "process_success":"190", "total":"190"}}
{"logTime": "0423/222918", "correlationVector":"R0BK0P2a1h9zn60VMOdPW9.4","action":"GetUpdates Response", "result":"Success", "context":Received 250 update(s). cV=R0BK0P2a1h9zn60VMOdPW9.0;server=akswtt114000012;cloudType=Consumer;environment=Prod_francecentral_prod-s01-062-eur-francecentral;migrationStage=NotStarted Some updates remain.}
{"logTime": "0423/222918", "correlationVector":"zGwOlCCR77wAiEHb3XqxWr","action":"Initial GetUpdates", "result":"", "context":Reason: NEWLY_SUPPORTED_DATATYPE. cV=zGwOlCCR77wAiEHb3XqxWr}
{"logTime": "0423/222919", "correlationVector":"zGwOlCCR77wAiEHb3XqxWr.1","action":"SyncServerConnectionManagerRequest", "result":"SYNC_SERVER_OK", "context":{"environment":"Prod_francecentral_prod-s01-062-eur-francecentral", "migrationStage":"NotStarted", "server":"akswtt11400001j"}}
{"logTime": "0423/222919", "correlationVector":"zGwOlCCR77wAiEHb3XqxWr.2","action":"ProcessGetUpdates", "result":"Done", "context":{"dataType":"Autofill Profiles", "deleted":"0", "process_failed_to_decrypt":"0", "process_pending_decryption":"0", "process_success":"34", "total":"34"}}
{"logTime": "0423/222919", "correlationVector":"zGwOlCCR77wAiEHb3XqxWr.3","action":"ProcessGetUpdates", "result":"Done", "context":{"dataType":"Autofill", "deleted":"0", "process_failed_to_decrypt":"0", "process_pending_decryption":"0", "process_success":"184", "total":"184"}}
{"logTime": "0423/222919", "correlationVector":"zGwOlCCR77wAiEHb3XqxWr.4","action":"ProcessGetUpdates", "result":"Done", "context":{"dataType":"Extensions", "deleted":"0", "process_failed_to_decrypt":"0", "process_pending_decryption":"0", "process_success":"1", "total":"1"}}
{"logTime": "0423/222919", "correlationVector":"zGwOlCCR77wAiEHb3XqxWr.5","action":"ProcessGetUpdates", "result":"Done", "context":{"dataType":"Saved Tab Group", "deleted":"26", "process_failed_to_decrypt":"0", "process_pending_decryption":"0", "process_success":"31", "total":"31"}}
{"logTime": "0423/222919", "correlationVector":"zGwOlCCR77wAiEHb3XqxWr.6","action":"GetUpdates Response", "result":"Success", "context":Received 250 update(s). cV=zGwOlCCR77wAiEHb3XqxWr.0;server=akswtt11400001j;cloudType=Consumer;environment=Prod_francecentral_prod-s01-062-eur-francecentral;migrationStage=NotStarted Some updates remain.}
{"logTime": "0423/222919", "correlationVector":"cXlwtVn/ym7/hbiAiJmuRw","action":"Initial GetUpdates", "result":"", "context":Reason: NEWLY_SUPPORTED_DATATYPE. cV=cXlwtVn/ym7/hbiAiJmuRw}
{"logTime": "0423/222920", "correlationVector":"cXlwtVn/ym7/hbiAiJmuRw.1","action":"SyncServerConnectionManagerRequest", "result":"SYNC_SERVER_OK", "context":{"environment":"Prod_francecentral_prod-s01-062-eur-francecentral", "migrationStage":"NotStarted", "server":"akswtt11400001i"}}
{"logTime": "0423/222920", "correlationVector":"cXlwtVn/ym7/hbiAiJmuRw.2","action":"ProcessGetUpdates", "result":"Done", "context":{"dataType":"Autofill", "deleted":"0", "process_failed_to_decrypt":"0", "process_pending_decryption":"0", "process_success":"250", "total":"250"}}
{"logTime": "0423/222920", "correlationVector":"cXlwtVn/ym7/hbiAiJmuRw.3","action":"GetUpdates Response", "result":"Success", "context":Received 250 update(s). cV=cXlwtVn/ym7/hbiAiJmuRw.0;server=akswtt11400001i;cloudType=Consumer;environment=Prod_francecentral_prod-s01-062-eur-francecentral;migrationStage=NotStarted Some updates remain.}
{"logTime": "0423/222920", "correlationVector":"XWpn89Ev+ljSvlq7epVeLX","action":"Initial GetUpdates", "result":"", "context":Reason: NEWLY_SUPPORTED_DATATYPE. cV=XWpn89Ev+ljSvlq7epVeLX}
{"logTime": "0423/222920", "correlationVector":"XWpn89Ev+ljSvlq7epVeLX.1","action":"SyncServerConnectionManagerRequest", "result":"SYNC_SERVER_OK", "context":{"environment":"Prod_francecentral_prod-s01-062-eur-francecentral", "migrationStage":"NotStarted", "server":"akswtt11400000m"}}
{"logTime": "0423/222920", "correlationVector":"XWpn89Ev+ljSvlq7epVeLX.2","action":"ProcessGetUpdates", "result":"Done", "context":{"dataType":"Autofill", "deleted":"0", "process_failed_to_decrypt":"0", "process_pending_decryption":"0", "process_success":"250", "total":"250"}}
{"logTime": "0423/222920", "correlationVector":"XWpn89Ev+ljSvlq7epVeLX.3","action":"GetUpdates Response", "result":"Success", "context":Received 250 update(s). cV=XWpn89Ev+ljSvlq7epVeLX.0;server=akswtt11400000m;cloudType=Consumer;environment=Prod_francecentral_prod-s01-062-eur-francecentral;migrationStage=NotStarted Some updates remain.}
{"logTime": "0423/222920", "correlationVector":"I0fVCPSAm7Vs4CYYRqlx4L","action":"Initial GetUpdates", "result":"", "context":Reason: NEWLY_SUPPORTED_DATATYPE. cV=I0fVCPSAm7Vs4CYYRqlx4L}
{"logTime": "0423/222921", "correlationVector":"I0fVCPSAm7Vs4CYYRqlx4L.1","action":"SyncServerConnectionManagerRequest", "result":"SYNC_SERVER_OK", "context":{"environment":"Prod_francecentral_prod-s01-062-eur-francecentral", "migrationStage":"NotStarted", "server":"akswtt11400000b"}}
{"logTime": "0423/222921", "correlationVector":"I0fVCPSAm7Vs4CYYRqlx4L.2","action":"ProcessGetUpdates", "result":"Done", "context":{"dataType":"Autofill", "deleted":"0", "process_failed_to_decrypt":"0", "process_pending_decryption":"0", "process_success":"238", "total":"238"}}
{"logTime": "0423/222921", "correlationVector":"I0fVCPSAm7Vs4CYYRqlx4L.3","action":"ProcessGetUpdates", "result":"Done", "context":{"dataType":"Sessions", "deleted":"12", "process_failed_to_decrypt":"0", "process_pending_decryption":"0", "process_success":"12", "total":"12"}}
{"logTime": "0423/222921", "correlationVector":"I0fVCPSAm7Vs4CYYRqlx4L.4","action":"GetUpdates Response", "result":"Success", "context":Received 250 update(s). cV=I0fVCPSAm7Vs4CYYRqlx4L.0;server=akswtt11400000b;cloudType=Consumer;environment=Prod_francecentral_prod-s01-062-eur-francecentral;migrationStage=NotStarted Some updates remain.}
{"logTime": "0423/222921", "correlationVector":"FNKgCWg0KUeyTxMN6FLYwz","action":"Initial GetUpdates", "result":"", "context":Reason: NEWLY_SUPPORTED_DATATYPE. cV=FNKgCWg0KUeyTxMN6FLYwz}
{"logTime": "0423/222921", "correlationVector":"FNKgCWg0KUeyTxMN6FLYwz.1","action":"SyncServerConnectionManagerRequest", "result":"SYNC_SERVER_OK", "context":{"environment":"Prod_francecentral_prod-s01-062-eur-francecentral", "migrationStage":"NotStarted", "server":"akswtt114000013"}}
{"logTime": "0423/222921", "correlationVector":"FNKgCWg0KUeyTxMN6FLYwz.2","action":"ProcessGetUpdates", "result":"Done", "context":{"dataType":"Autofill Profiles", "deleted":"1", "process_failed_to_decrypt":"0", "process_pending_decryption":"0", "process_success":"3", "total":"3"}}
{"logTime": "0423/222921", "correlationVector":"FNKgCWg0KUeyTxMN6FLYwz.3","action":"ProcessGetUpdates", "result":"Done", "context":{"dataType":"Autofill", "deleted":"0", "process_failed_to_decrypt":"0", "process_pending_decryption":"0", "process_success":"22", "total":"22"}}
{"logTime": "0423/222921", "correlationVector":"FNKgCWg0KUeyTxMN6FLYwz.4","action":"ProcessGetUpdates", "result":"Done", "context":{"dataType":"Sessions", "deleted":"215", "process_failed_to_decrypt":"0", "process_pending_decryption":"0", "process_success":"215", "total":"215"}}
{"logTime": "0423/222921", "correlationVector":"FNKgCWg0KUeyTxMN6FLYwz.5","action":"ProcessGetUpdates", "result":"Done", "context":{"dataType":"Edge Hub App Usage", "deleted":"9", "process_failed_to_decrypt":"0", "process_pending_decryption":"0", "process_success":"10", "total":"10"}}
{"logTime": "0423/222921", "correlationVector":"FNKgCWg0KUeyTxMN6FLYwz.6","action":"GetUpdates Response", "result":"Success", "context":Received 250 update(s). cV=FNKgCWg0KUeyTxMN6FLYwz.0;server=akswtt114000013;cloudType=Consumer;environment=Prod_francecentral_prod-s01-062-eur-francecentral;migrationStage=NotStarted Some updates remain.}
{"logTime": "0423/222921", "correlationVector":"pQXYjHxIjFY89gtukdkULT","action":"Initial GetUpdates", "result":"", "context":Reason: NEWLY_SUPPORTED_DATATYPE. cV=pQXYjHxIjFY89gtukdkULT}
{"logTime": "0423/222922", "correlationVector":"pQXYjHxIjFY89gtukdkULT.1","action":"SyncServerConnectionManagerRequest", "result":"SYNC_SERVER_OK", "context":{"environment":"Prod_francecentral_prod-s01-062-eur-francecentral", "migrationStage":"NotStarted", "server":"akswtt114000011"}}
{"logTime": "0423/222922", "correlationVector":"pQXYjHxIjFY89gtukdkULT.2","action":"ProcessGetUpdates", "result":"Done", "context":{"dataType":"Autofill Profiles", "deleted":"1", "process_failed_to_decrypt":"0", "process_pending_decryption":"0", "process_success":"1", "total":"1"}}
{"logTime": "0423/222922", "correlationVector":"pQXYjHxIjFY89gtukdkULT.3","action":"ProcessGetUpdates", "result":"Done", "context":{"dataType":"Autofill", "deleted":"0", "process_failed_to_decrypt":"0", "process_pending_decryption":"0", "process_success":"11", "total":"11"}}
{"logTime": "0423/222922", "correlationVector":"pQXYjHxIjFY89gtukdkULT.4","action":"ProcessGetUpdates", "result":"Done", "context":{"dataType":"Sessions", "deleted":"235", "process_failed_to_decrypt":"0", "process_pending_decryption":"0", "process_success":"235", "total":"235"}}
{"logTime": "0423/222922", "correlationVector":"pQXYjHxIjFY89gtukdkULT.5","action":"ProcessGetUpdates", "result":"Done", "context":{"dataType":"Edge Hub App Usage", "deleted":"0", "process_failed_to_decrypt":"0", "process_pending_decryption":"0", "process_success":"3", "total":"3"}}
{"logTime": "0423/222922", "correlationVector":"pQXYjHxIjFY89gtukdkULT.6","action":"GetUpdates Response", "result":"Success", "context":Received 250 update(s). cV=pQXYjHxIjFY89gtukdkULT.0;server=akswtt114000011;cloudType=Consumer;environment=Prod_francecentral_prod-s01-062-eur-francecentral;migrationStage=NotStarted Some updates remain.}
{"logTime": "0423/222922", "correlationVector":"EooAm1lmvHcjZ2ONT8Iizm","action":"Initial GetUpdates", "result":"", "context":Reason: NEWLY_SUPPORTED_DATATYPE. cV=EooAm1lmvHcjZ2ONT8Iizm}
{"logTime": "0423/222922", "correlationVector":"EooAm1lmvHcjZ2ONT8Iizm.1","action":"SyncServerConnectionManagerRequest", "result":"SYNC_SERVER_OK", "context":{"environment":"Prod_francecentral_prod-s01-062-eur-francecentral", "migrationStage":"NotStarted", "server":"akswtt11400000v"}}
{"logTime": "0423/222922", "correlationVector":"EooAm1lmvHcjZ2ONT8Iizm.2","action":"ProcessGetUpdates", "result":"Done", "context":{"dataType":"Autofill", "deleted":"0", "process_failed_to_decrypt":"0", "process_pending_decryption":"0", "process_success":"35", "total":"35"}}
{"logTime": "0423/222922", "correlationVector":"EooAm1lmvHcjZ2ONT8Iizm.3","action":"ProcessGetUpdates", "result":"Done", "context":{"dataType":"Sessions", "deleted":"208", "process_failed_to_decrypt":"0", "process_pending_decryption":"0", "process_success":"208", "total":"208"}}
{"logTime": "0423/222922", "correlationVector":"EooAm1lmvHcjZ2ONT8Iizm.4","action":"ProcessGetUpdates", "result":"Done", "context":{"dataType":"Saved Tab Group", "deleted":"2", "process_failed_to_decrypt":"0", "process_pending_decryption":"0", "process_success":"4", "total":"4"}}
{"logTime": "0423/222922", "correlationVector":"EooAm1lmvHcjZ2ONT8Iizm.5","action":"ProcessGetUpdates", "result":"Done", "context":{"dataType":"Edge Hub App Usage", "deleted":"1", "process_failed_to_decrypt":"0", "process_pending_decryption":"0", "process_success":"3", "total":"3"}}
{"logTime": "0423/222922", "correlationVector":"EooAm1lmvHcjZ2ONT8Iizm.6","action":"GetUpdates Response", "result":"Success", "context":Received 250 update(s). cV=EooAm1lmvHcjZ2ONT8Iizm.0;server=akswtt11400000v;cloudType=Consumer;environment=Prod_francecentral_prod-s01-062-eur-francecentral;migrationStage=NotStarted Some updates remain.}
{"logTime": "0423/222922", "correlationVector":"h29H8Ahghn0ofDwWbStE7h","action":"Initial GetUpdates", "result":"", "context":Reason: NEWLY_SUPPORTED_DATATYPE. cV=h29H8Ahghn0ofDwWbStE7h}
{"logTime": "0423/222923", "correlationVector":"h29H8Ahghn0ofDwWbStE7h.1","action":"SyncServerConnectionManagerRequest", "result":"SYNC_SERVER_OK", "context":{"environment":"Prod_francecentral_prod-s01-062-eur-francecentral", "migrationStage":"NotStarted", "server":"akswtt11400001j"}}
{"logTime": "0423/222923", "correlationVector":"h29H8Ahghn0ofDwWbStE7h.2","action":"ProcessGetUpdates", "result":"Done", "context":{"dataType":"Autofill", "deleted":"0", "process_failed_to_decrypt":"0", "process_pending_decryption":"0", "process_success":"14", "total":"14"}}
{"logTime": "0423/222923", "correlationVector":"h29H8Ahghn0ofDwWbStE7h.3","action":"ProcessGetUpdates", "result":"Done", "context":{"dataType":"Sessions", "deleted":"231", "process_failed_to_decrypt":"0", "process_pending_decryption":"0", "process_success":"231", "total":"231"}}
{"logTime": "0423/222923", "correlationVector":"h29H8Ahghn0ofDwWbStE7h.4","action":"ProcessGetUpdates", "result":"Done", "context":{"dataType":"Saved Tab Group", "deleted":"2", "process_failed_to_decrypt":"0", "process_pending_decryption":"0", "process_success":"2", "total":"2"}}
{"logTime": "0423/222923", "correlationVector":"h29H8Ahghn0ofDwWbStE7h.5","action":"ProcessGetUpdates", "result":"Done", "context":{"dataType":"Edge Hub App Usage", "deleted":"0", "process_failed_to_decrypt":"0", "process_pending_decryption":"0", "process_success":"3", "total":"3"}}
{"logTime": "0423/222923", "correlationVector":"h29H8Ahghn0ofDwWbStE7h.6","action":"GetUpdates Response", "result":"Success", "context":Received 250 update(s). cV=h29H8Ahghn0ofDwWbStE7h.0;server=akswtt11400001j;cloudType=Consumer;environment=Prod_francecentral_prod-s01-062-eur-francecentral;migrationStage=NotStarted Some updates remain.}
{"logTime": "0423/222923", "correlationVector":"lgzf3py61U4Wr/ZKqg6Lgb","action":"Initial GetUpdates", "result":"", "context":Reason: NEWLY_SUPPORTED_DATATYPE. cV=lgzf3py61U4Wr/ZKqg6Lgb}
{"logTime": "0423/222923", "correlationVector":"lgzf3py61U4Wr/ZKqg6Lgb.1","action":"SyncServerConnectionManagerRequest", "result":"SYNC_SERVER_OK", "context":{"environment":"Prod_francecentral_prod-s01-062-eur-francecentral", "migrationStage":"NotStarted", "server":"akswtt114000007"}}
{"logTime": "0423/222923", "correlationVector":"lgzf3py61U4Wr/ZKqg6Lgb.2","action":"ProcessGetUpdates", "result":"Done", "context":{"dataType":"Autofill Profiles", "deleted":"0", "process_failed_to_decrypt":"0", "process_pending_decryption":"0", "process_success":"1", "total":"1"}}
{"logTime": "0423/222923", "correlationVector":"lgzf3py61U4Wr/ZKqg6Lgb.3","action":"ProcessGetUpdates", "result":"Done", "context":{"dataType":"Autofill", "deleted":"0", "process_failed_to_decrypt":"0", "process_pending_decryption":"0", "process_success":"8", "total":"8"}}
{"logTime": "0423/222923", "correlationVector":"lgzf3py61U4Wr/ZKqg6Lgb.4","action":"ProcessGetUpdates", "result":"Done", "context":{"dataType":"Sessions", "deleted":"230", "process_failed_to_decrypt":"0", "process_pending_decryption":"0", "process_success":"230", "total":"230"}}
{"logTime": "0423/222923", "correlationVector":"lgzf3py61U4Wr/ZKqg6Lgb.5","action":"ProcessGetUpdates", "result":"Done", "context":{"dataType":"Saved Tab Group", "deleted":"8", "process_failed_to_decrypt":"0", "process_pending_decryption":"0", "process_success":"8", "total":"8"}}
{"logTime": "0423/222923", "correlationVector":"lgzf3py61U4Wr/ZKqg6Lgb.6","action":"ProcessGetUpdates", "result":"Done", "context":{"dataType":"Edge Hub App Usage", "deleted":"0", "process_failed_to_decrypt":"0", "process_pending_decryption":"0", "process_success":"3", "total":"3"}}
{"logTime": "0423/222923", "correlationVector":"lgzf3py61U4Wr/ZKqg6Lgb.7","action":"GetUpdates Response", "result":"Success", "context":Received 250 update(s). cV=lgzf3py61U4Wr/ZKqg6Lgb.0;server=akswtt114000007;cloudType=Consumer;environment=Prod_francecentral_prod-s01-062-eur-francecentral;migrationStage=NotStarted Some updates remain.}
{"logTime": "0423/222923", "correlationVector":"qkv3owOZrnGNX7Ei4ocp/7","action":"Initial GetUpdates", "result":"", "context":Reason: NEWLY_SUPPORTED_DATATYPE. cV=qkv3owOZrnGNX7Ei4ocp/7}
{"logTime": "0423/222924", "correlationVector":"qkv3owOZrnGNX7Ei4ocp/7.1","action":"SyncServerConnectionManagerRequest", "result":"SYNC_SERVER_OK", "context":{"environment":"Prod_francecentral_prod-s01-062-eur-francecentral", "migrationStage":"NotStarted", "server":"akswtt11400000m"}}
{"logTime": "0423/222924", "correlationVector":"qkv3owOZrnGNX7Ei4ocp/7.2","action":"ProcessGetUpdates", "result":"Done", "context":{"dataType":"Autofill Profiles", "deleted":"1", "process_failed_to_decrypt":"0", "process_pending_decryption":"0", "process_success":"3", "total":"3"}}
{"logTime": "0423/222924", "correlationVector":"qkv3owOZrnGNX7Ei4ocp/7.3","action":"ProcessGetUpdates", "result":"Done", "context":{"dataType":"Autofill", "deleted":"0", "process_failed_to_decrypt":"0", "process_pending_decryption":"0", "process_success":"24", "total":"24"}}
{"logTime": "0423/222924", "correlationVector":"qkv3owOZrnGNX7Ei4ocp/7.4","action":"ProcessGetUpdates", "result":"Done", "context":{"dataType":"Sessions", "deleted":"220", "process_failed_to_decrypt":"0", "process_pending_decryption":"0", "process_success":"220", "total":"220"}}
{"logTime": "0423/222924", "correlationVector":"qkv3owOZrnGNX7Ei4ocp/7.5","action":"ProcessGetUpdates", "result":"Done", "context":{"dataType":"Saved Tab Group", "deleted":"2", "process_failed_to_decrypt":"0", "process_pending_decryption":"0", "process_success":"2", "total":"2"}}
{"logTime": "0423/222924", "correlationVector":"qkv3owOZrnGNX7Ei4ocp/7.6","action":"ProcessGetUpdates", "result":"Done", "context":{"dataType":"Edge Hub App Usage", "deleted":"1", "process_failed_to_decrypt":"0", "process_pending_decryption":"0", "process_success":"1", "total":"1"}}
{"logTime": "0423/222924", "correlationVector":"qkv3owOZrnGNX7Ei4ocp/7.7","action":"GetUpdates Response", "result":"Success", "context":Received 250 update(s). cV=qkv3owOZrnGNX7Ei4ocp/7.0;server=akswtt11400000m;cloudType=Consumer;environment=Prod_francecentral_prod-s01-062-eur-francecentral;migrationStage=NotStarted Some updates remain.}
{"logTime": "0423/222924", "correlationVector":"r3+D5khda63c22DtpEG1b7","action":"Initial GetUpdates", "result":"", "context":Reason: NEWLY_SUPPORTED_DATATYPE. cV=r3+D5khda63c22DtpEG1b7}
{"logTime": "0423/222926", "correlationVector":"r3+D5khda63c22DtpEG1b7.1","action":"SyncServerConnectionManagerRequest", "result":"SYNC_SERVER_OK", "context":{"environment":"Prod_francecentral_prod-s01-062-eur-francecentral", "migrationStage":"NotStarted", "server":"akswtt114000013"}}
{"logTime": "0423/222926", "correlationVector":"r3+D5khda63c22DtpEG1b7.2","action":"ProcessGetUpdates", "result":"Done", "context":{"dataType":"Autofill", "deleted":"0", "process_failed_to_decrypt":"0", "process_pending_decryption":"0", "process_success":"10", "total":"10"}}
{"logTime": "0423/222926", "correlationVector":"r3+D5khda63c22DtpEG1b7.3","action":"ProcessGetUpdates", "result":"Done", "context":{"dataType":"Extensions", "deleted":"0", "process_failed_to_decrypt":"0", "process_pending_decryption":"0", "process_success":"1", "total":"1"}}
{"logTime": "0423/222926", "correlationVector":"r3+D5khda63c22DtpEG1b7.4","action":"ProcessGetUpdates", "result":"Done", "context":{"dataType":"Sessions", "deleted":"221", "process_failed_to_decrypt":"0", "process_pending_decryption":"0", "process_success":"221", "total":"221"}}
{"logTime": "0423/222926", "correlationVector":"r3+D5khda63c22DtpEG1b7.5","action":"ProcessGetUpdates", "result":"Done", "context":{"dataType":"History Delete Directives", "deleted":"0", "process_failed_to_decrypt":"0", "process_pending_decryption":"0", "process_success":"14", "total":"14"}}
{"logTime": "0423/222926", "correlationVector":"r3+D5khda63c22DtpEG1b7.6","action":"ProcessGetUpdates", "result":"Done", "context":{"dataType":"Saved Tab Group", "deleted":"1", "process_failed_to_decrypt":"0", "process_pending_decryption":"0", "process_success":"1", "total":"1"}}
{"logTime": "0423/222926", "correlationVector":"r3+D5khda63c22DtpEG1b7.7","action":"ProcessGetUpdates", "result":"Done", "context":{"dataType":"Edge Hub App Usage", "deleted":"0", "process_failed_to_decrypt":"0", "process_pending_decryption":"0", "process_success":"1", "total":"1"}}
{"logTime": "0423/222926", "correlationVector":"r3+D5khda63c22DtpEG1b7.8","action":"ProcessGetUpdates", "result":"Done", "context":{"dataType":"Edge Workspace", "deleted":"0", "process_failed_to_decrypt":"0", "process_pending_decryption":"0", "process_success":"2", "total":"2"}}
{"logTime": "0423/222926", "correlationVector":"r3+D5khda63c22DtpEG1b7.9","action":"GetUpdates Response", "result":"Success", "context":Received 250 update(s). cV=r3+D5khda63c22DtpEG1b7.0;server=akswtt114000013;cloudType=Consumer;environment=Prod_francecentral_prod-s01-062-eur-francecentral;migrationStage=NotStarted Some updates remain.}
{"logTime": "0423/222926", "correlationVector":"YjrrqznAeXzej244dEfoEp","action":"Initial GetUpdates", "result":"", "context":Reason: NEWLY_SUPPORTED_DATATYPE. cV=YjrrqznAeXzej244dEfoEp}
{"logTime": "0423/222926", "correlationVector":"YjrrqznAeXzej244dEfoEp.1","action":"SyncServerConnectionManagerRequest", "result":"SYNC_SERVER_OK", "context":{"environment":"Prod_francecentral_prod-s01-062-eur-francecentral", "migrationStage":"NotStarted", "server":"akswtt114000011"}}
{"logTime": "0423/222926", "correlationVector":"YjrrqznAeXzej244dEfoEp.2","action":"ProcessGetUpdates", "result":"Done", "context":{"dataType":"Autofill", "deleted":"0", "process_failed_to_decrypt":"0", "process_pending_decryption":"0", "process_success":"3", "total":"3"}}
{"logTime": "0423/222926", "correlationVector":"YjrrqznAeXzej244dEfoEp.3","action":"ProcessGetUpdates", "result":"Done", "context":{"dataType":"Sessions", "deleted":"96", "process_failed_to_decrypt":"0", "process_pending_decryption":"0", "process_success":"105", "total":"105"}}
{"logTime": "0423/222926", "correlationVector":"YjrrqznAeXzej244dEfoEp.4","action":"ProcessGetUpdates", "result":"Done", "context":{"dataType":"History Delete Directives", "deleted":"0", "process_failed_to_decrypt":"0", "process_pending_decryption":"0", "process_success":"142", "total":"142"}}
{"logTime": "0423/222926", "correlationVector":"YjrrqznAeXzej244dEfoEp.5","action":"GetUpdates Response", "result":"Success", "context":Received 250 update(s). cV=YjrrqznAeXzej244dEfoEp.0;server=akswtt114000011;cloudType=Consumer;environment=Prod_francecentral_prod-s01-062-eur-francecentral;migrationStage=NotStarted Some updates remain.}
{"logTime": "0423/222926", "correlationVector":"LUCinuttyibW2eDlxwW6cB","action":"Initial GetUpdates", "result":"", "context":Reason: NEWLY_SUPPORTED_DATATYPE. cV=LUCinuttyibW2eDlxwW6cB}
{"logTime": "0423/222927", "correlationVector":"LUCinuttyibW2eDlxwW6cB.1","action":"SyncServerConnectionManagerRequest", "result":"SYNC_SERVER_OK", "context":{"environment":"Prod_francecentral_prod-s01-062-eur-francecentral", "migrationStage":"NotStarted", "server":"akswtt114000013"}}
{"logTime": "0423/222927", "correlationVector":"LUCinuttyibW2eDlxwW6cB.2","action":"ProcessGetUpdates", "result":"Done", "context":{"dataType":"Autofill Profiles", "deleted":"0", "process_failed_to_decrypt":"0", "process_pending_decryption":"0", "process_success":"1", "total":"1"}}
{"logTime": "0423/222927", "correlationVector":"LUCinuttyibW2eDlxwW6cB.3","action":"ProcessGetUpdates", "result":"Done", "context":{"dataType":"Autofill", "deleted":"0", "process_failed_to_decrypt":"0", "process_pending_decryption":"0", "process_success":"9", "total":"9"}}
{"logTime": "0423/222927", "correlationVector":"LUCinuttyibW2eDlxwW6cB.4","action":"ProcessGetUpdates", "result":"Done", "context":{"dataType":"Extensions", "deleted":"0", "process_failed_to_decrypt":"0", "process_pending_decryption":"0", "process_success":"1", "total":"1"}}
{"logTime": "0423/222927", "correlationVector":"LUCinuttyibW2eDlxwW6cB.5","action":"ProcessGetUpdates", "result":"Done", "context":{"dataType":"Sessions", "deleted":"227", "process_failed_to_decrypt":"0", "process_pending_decryption":"0", "process_success":"239", "total":"239"}}
{"logTime": "0423/222927", "correlationVector":"LUCinuttyibW2eDlxwW6cB.6","action":"GetUpdates Response", "result":"Success", "context":Received 250 update(s). cV=LUCinuttyibW2eDlxwW6cB.0;server=akswtt114000013;cloudType=Consumer;environment=Prod_francecentral_prod-s01-062-eur-francecentral;migrationStage=NotStarted Some updates remain.}
{"logTime": "0423/222927", "correlationVector":"2+iPMKp0sa4nwm/kXonbm7","action":"Initial GetUpdates", "result":"", "context":Reason: NEWLY_SUPPORTED_DATATYPE. cV=2+iPMKp0sa4nwm/kXonbm7}
{"logTime": "0423/222927", "correlationVector":"2+iPMKp0sa4nwm/kXonbm7.1","action":"SyncServerConnectionManagerRequest", "result":"SYNC_SERVER_OK", "context":{"environment":"Prod_francecentral_prod-s01-062-eur-francecentral", "migrationStage":"NotStarted", "server":"akswtt114000011"}}
{"logTime": "0423/222927", "correlationVector":"2+iPMKp0sa4nwm/kXonbm7.2","action":"ProcessGetUpdates", "result":"Done", "context":{"dataType":"Autofill", "deleted":"0", "process_failed_to_decrypt":"0", "process_pending_decryption":"0", "process_success":"2", "total":"2"}}
{"logTime": "0423/222927", "correlationVector":"2+iPMKp0sa4nwm/kXonbm7.3","action":"ProcessGetUpdates", "result":"Done", "context":{"dataType":"Sessions", "deleted":"29", "process_failed_to_decrypt":"0", "process_pending_decryption":"0", "process_success":"46", "total":"46"}}
{"logTime": "0423/222927", "correlationVector":"2+iPMKp0sa4nwm/kXonbm7.4","action":"ProcessGetUpdates", "result":"Done", "context":{"dataType":"Extension settings", "deleted":"0", "process_failed_to_decrypt":"0", "process_pending_decryption":"0", "process_success":"1", "total":"1"}}
{"logTime": "0423/222927", "correlationVector":"2+iPMKp0sa4nwm/kXonbm7.5","action":"GetUpdates Response", "result":"Success", "context":Received 49 update(s). cV=2+iPMKp0sa4nwm/kXonbm7.0;server=akswtt114000011;cloudType=Consumer;environment=Prod_francecentral_prod-s01-062-eur-francecentral;migrationStage=NotStarted}
{"logTime": "0423/222927", "correlationVector":"Fv4YaVPMGsGDwp+GzSzpuq","action":"Initial GetUpdates", "result":"", "context":Reason: NEWLY_SUPPORTED_DATATYPE. cV=Fv4YaVPMGsGDwp+GzSzpuq}
{"logTime": "0423/222928", "correlationVector":"Fv4YaVPMGsGDwp+GzSzpuq.1","action":"SyncServerConnectionManagerRequest", "result":"SYNC_SERVER_OK", "context":{"environment":"Prod_francecentral_prod-s01-062-eur-francecentral", "migrationStage":"NotStarted", "server":"akswtt114000008"}}
{"logTime": "0423/222928", "correlationVector":"Fv4YaVPMGsGDwp+GzSzpuq.2","action":"ProcessGetUpdates", "result":"Done", "context":{"dataType":"History", "deleted":"0", "process_failed_to_decrypt":"0", "process_pending_decryption":"0", "process_success":"250", "total":"250"}}
{"logTime": "0423/222928", "correlationVector":"Fv4YaVPMGsGDwp+GzSzpuq.3","action":"GetUpdates Response", "result":"Success", "context":Received 250 update(s). cV=Fv4YaVPMGsGDwp+GzSzpuq.0;server=akswtt114000008;cloudType=Consumer;environment=Prod_francecentral_prod-s01-062-eur-francecentral;migrationStage=NotStarted Some updates remain.}
{"logTime": "0423/222928", "correlationVector":"chkfkbtvCrURd5soMrpWE7","action":"Initial GetUpdates", "result":"", "context":Reason: NEWLY_SUPPORTED_DATATYPE. cV=chkfkbtvCrURd5soMrpWE7}
{"logTime": "0423/222929", "correlationVector":"chkfkbtvCrURd5soMrpWE7.1","action":"SyncServerConnectionManagerRequest", "result":"SYNC_SERVER_OK", "context":{"environment":"Prod_francecentral_prod-s01-062-eur-francecentral", "migrationStage":"NotStarted", "server":"akswtt11400000x"}}
{"logTime": "0423/222929", "correlationVector":"chkfkbtvCrURd5soMrpWE7.2","action":"ProcessGetUpdates", "result":"Done", "context":{"dataType":"History", "deleted":"0", "process_failed_to_decrypt":"0", "process_pending_decryption":"0", "process_success":"250", "total":"250"}}
{"logTime": "0423/222929", "correlationVector":"chkfkbtvCrURd5soMrpWE7.3","action":"GetUpdates Response", "result":"Success", "context":Received 250 update(s). cV=chkfkbtvCrURd5soMrpWE7.0;server=akswtt11400000x;cloudType=Consumer;environment=Prod_francecentral_prod-s01-062-eur-francecentral;migrationStage=NotStarted Some updates remain.}
{"logTime": "0423/222929", "correlationVector":"6EAECX/ds5ZKu5mMCamaWp","action":"Initial GetUpdates", "result":"", "context":Reason: NEWLY_SUPPORTED_DATATYPE. cV=6EAECX/ds5ZKu5mMCamaWp}
{"logTime": "0423/222929", "correlationVector":"6EAECX/ds5ZKu5mMCamaWp.1","action":"SyncServerConnectionManagerRequest", "result":"SYNC_SERVER_OK", "context":{"environment":"Prod_francecentral_prod-s01-062-eur-francecentral", "migrationStage":"NotStarted", "server":"akswtt11400000m"}}
{"logTime": "0423/222929", "correlationVector":"6EAECX/ds5ZKu5mMCamaWp.2","action":"ProcessGetUpdates", "result":"Done", "context":{"dataType":"History", "deleted":"0", "process_failed_to_decrypt":"0", "process_pending_decryption":"0", "process_success":"250", "total":"250"}}
{"logTime": "0423/222929", "correlationVector":"6EAECX/ds5ZKu5mMCamaWp.3","action":"GetUpdates Response", "result":"Success", "context":Received 250 update(s). cV=6EAECX/ds5ZKu5mMCamaWp.0;server=akswtt11400000m;cloudType=Consumer;environment=Prod_francecentral_prod-s01-062-eur-francecentral;migrationStage=NotStarted Some updates remain.}
{"logTime": "0423/222929", "correlationVector":"pYo9JVVzcA4d83qAUQ+QdG","action":"Initial GetUpdates", "result":"", "context":Reason: NEWLY_SUPPORTED_DATATYPE. cV=pYo9JVVzcA4d83qAUQ+QdG}
{"logTime": "0423/222930", "correlationVector":"pYo9JVVzcA4d83qAUQ+QdG.1","action":"SyncServerConnectionManagerRequest", "result":"SYNC_SERVER_OK", "context":{"environment":"Prod_francecentral_prod-s01-062-eur-francecentral", "migrationStage":"NotStarted", "server":"akswtt11400001j"}}
{"logTime": "0423/222930", "correlationVector":"pYo9JVVzcA4d83qAUQ+QdG.2","action":"ProcessGetUpdates", "result":"Done", "context":{"dataType":"History", "deleted":"0", "process_failed_to_decrypt":"0", "process_pending_decryption":"0", "process_success":"250", "total":"250"}}
{"logTime": "0423/222930", "correlationVector":"pYo9JVVzcA4d83qAUQ+QdG.3","action":"GetUpdates Response", "result":"Success", "context":Received 250 update(s). cV=pYo9JVVzcA4d83qAUQ+QdG.0;server=akswtt11400001j;cloudType=Consumer;environment=Prod_francecentral_prod-s01-062-eur-francecentral;migrationStage=NotStarted Some updates remain.}
{"logTime": "0423/222930", "correlationVector":"JWMlebd89jo4n6d7QsNNrI","action":"Initial GetUpdates", "result":"", "context":Reason: NEWLY_SUPPORTED_DATATYPE. cV=JWMlebd89jo4n6d7QsNNrI}
{"logTime": "0423/222931", "correlationVector":"JWMlebd89jo4n6d7QsNNrI.1","action":"SyncServerConnectionManagerRequest", "result":"SYNC_SERVER_OK", "context":{"environment":"Prod_francecentral_prod-s01-062-eur-francecentral", "migrationStage":"NotStarted", "server":"akswtt11400000m"}}
{"logTime": "0423/222931", "correlationVector":"JWMlebd89jo4n6d7QsNNrI.2","action":"ProcessGetUpdates", "result":"Done", "context":{"dataType":"History", "deleted":"0", "process_failed_to_decrypt":"0", "process_pending_decryption":"0", "process_success":"250", "total":"250"}}
{"logTime": "0423/222931", "correlationVector":"JWMlebd89jo4n6d7QsNNrI.3","action":"GetUpdates Response", "result":"Success", "context":Received 250 update(s). cV=JWMlebd89jo4n6d7QsNNrI.0;server=akswtt11400000m;cloudType=Consumer;environment=Prod_francecentral_prod-s01-062-eur-francecentral;migrationStage=NotStarted Some updates remain.}
{"logTime": "0423/222931", "correlationVector":"x3ISemupqGCzXkT6TFzMy3","action":"Initial GetUpdates", "result":"", "context":Reason: NEWLY_SUPPORTED_DATATYPE. cV=x3ISemupqGCzXkT6TFzMy3}
{"logTime": "0423/222932", "correlationVector":"x3ISemupqGCzXkT6TFzMy3.1","action":"SyncServerConnectionManagerRequest", "result":"SYNC_SERVER_OK", "context":{"environment":"Prod_francecentral_prod-s01-062-eur-francecentral", "migrationStage":"NotStarted", "server":"akswtt11400000v"}}
{"logTime": "0423/222932", "correlationVector":"x3ISemupqGCzXkT6TFzMy3.2","action":"ProcessGetUpdates", "result":"Done", "context":{"dataType":"History", "deleted":"0", "process_failed_to_decrypt":"0", "process_pending_decryption":"0", "process_success":"250", "total":"250"}}
{"logTime": "0423/222932", "correlationVector":"x3ISemupqGCzXkT6TFzMy3.3","action":"GetUpdates Response", "result":"Success", "context":Received 250 update(s). cV=x3ISemupqGCzXkT6TFzMy3.0;server=akswtt11400000v;cloudType=Consumer;environment=Prod_francecentral_prod-s01-062-eur-francecentral;migrationStage=NotStarted Some updates remain.}
{"logTime": "0423/222932", "correlationVector":"GP//htd2cPVYvmLXMM0skG","action":"Initial GetUpdates", "result":"", "context":Reason: NEWLY_SUPPORTED_DATATYPE. cV=GP//htd2cPVYvmLXMM0skG}
{"logTime": "0423/222932", "correlationVector":"GP//htd2cPVYvmLXMM0skG.1","action":"SyncServerConnectionManagerRequest", "result":"SYNC_SERVER_OK", "context":{"environment":"Prod_francecentral_prod-s01-062-eur-francecentral", "migrationStage":"NotStarted", "server":"akswtt11400000m"}}
{"logTime": "0423/222932", "correlationVector":"GP//htd2cPVYvmLXMM0skG.2","action":"ProcessGetUpdates", "result":"Done", "context":{"dataType":"History", "deleted":"19", "process_failed_to_decrypt":"0", "process_pending_decryption":"0", "process_success":"250", "total":"250"}}
{"logTime": "0423/222932", "correlationVector":"GP//htd2cPVYvmLXMM0skG.3","action":"GetUpdates Response", "result":"Success", "context":Received 250 update(s). cV=GP//htd2cPVYvmLXMM0skG.0;server=akswtt11400000m;cloudType=Consumer;environment=Prod_francecentral_prod-s01-062-eur-francecentral;migrationStage=NotStarted Some updates remain.}
{"logTime": "0423/222932", "correlationVector":"T9jScevLME/vRRXOmZal15","action":"Initial GetUpdates", "result":"", "context":Reason: NEWLY_SUPPORTED_DATATYPE. cV=T9jScevLME/vRRXOmZal15}
{"logTime": "0423/222933", "correlationVector":"T9jScevLME/vRRXOmZal15.1","action":"SyncServerConnectionManagerRequest", "result":"SYNC_SERVER_OK", "context":{"environment":"Prod_francecentral_prod-s01-062-eur-francecentral", "migrationStage":"NotStarted", "server":"akswtt11400000x"}}
{"logTime": "0423/222933", "correlationVector":"T9jScevLME/vRRXOmZal15.2","action":"ProcessGetUpdates", "result":"Done", "context":{"dataType":"History", "deleted":"0", "process_failed_to_decrypt":"0", "process_pending_decryption":"0", "process_success":"250", "total":"250"}}
{"logTime": "0423/222933", "correlationVector":"T9jScevLME/vRRXOmZal15.3","action":"GetUpdates Response", "result":"Success", "context":Received 250 update(s). cV=T9jScevLME/vRRXOmZal15.0;server=akswtt11400000x;cloudType=Consumer;environment=Prod_francecentral_prod-s01-062-eur-francecentral;migrationStage=NotStarted Some updates remain.}
{"logTime": "0423/222933", "correlationVector":"UAOHjlpLtSGw8gQheGvOkr","action":"Initial GetUpdates", "result":"", "context":Reason: NEWLY_SUPPORTED_DATATYPE. cV=UAOHjlpLtSGw8gQheGvOkr}
{"logTime": "0423/222934", "correlationVector":"UAOHjlpLtSGw8gQheGvOkr.1","action":"SyncServerConnectionManagerRequest", "result":"SYNC_SERVER_OK", "context":{"environment":"Prod_francecentral_prod-s01-062-eur-francecentral", "migrationStage":"NotStarted", "server":"akswtt11400001i"}}
{"logTime": "0423/222934", "correlationVector":"UAOHjlpLtSGw8gQheGvOkr.2","action":"ProcessGetUpdates", "result":"Done", "context":{"dataType":"History", "deleted":"0", "process_failed_to_decrypt":"0", "process_pending_decryption":"0", "process_success":"250", "total":"250"}}
{"logTime": "0423/222934", "correlationVector":"UAOHjlpLtSGw8gQheGvOkr.3","action":"GetUpdates Response", "result":"Success", "context":Received 250 update(s). cV=UAOHjlpLtSGw8gQheGvOkr.0;server=akswtt11400001i;cloudType=Consumer;environment=Prod_francecentral_prod-s01-062-eur-francecentral;migrationStage=NotStarted Some updates remain.}
{"logTime": "0423/222934", "correlationVector":"EX9WG3qjhtvRilehznAC+R","action":"Initial GetUpdates", "result":"", "context":Reason: NEWLY_SUPPORTED_DATATYPE. cV=EX9WG3qjhtvRilehznAC+R}
{"logTime": "0423/222935", "correlationVector":"EX9WG3qjhtvRilehznAC+R.1","action":"SyncServerConnectionManagerRequest", "result":"SYNC_SERVER_OK", "context":{"environment":"Prod_francecentral_prod-s01-062-eur-francecentral", "migrationStage":"NotStarted", "server":"akswtt11400000m"}}
{"logTime": "0423/222935", "correlationVector":"EX9WG3qjhtvRilehznAC+R.2","action":"ProcessGetUpdates", "result":"Done", "context":{"dataType":"History", "deleted":"0", "process_failed_to_decrypt":"0", "process_pending_decryption":"0", "process_success":"250", "total":"250"}}
{"logTime": "0423/222935", "correlationVector":"EX9WG3qjhtvRilehznAC+R.3","action":"GetUpdates Response", "result":"Success", "context":Received 250 update(s). cV=EX9WG3qjhtvRilehznAC+R.0;server=akswtt11400000m;cloudType=Consumer;environment=Prod_francecentral_prod-s01-062-eur-francecentral;migrationStage=NotStarted Some updates remain.}
{"logTime": "0423/222935", "correlationVector":"UFmaP3e2mEgbDvq+iWeDyh","action":"Initial GetUpdates", "result":"", "context":Reason: NEWLY_SUPPORTED_DATATYPE. cV=UFmaP3e2mEgbDvq+iWeDyh}
{"logTime": "0423/222936", "correlationVector":"UFmaP3e2mEgbDvq+iWeDyh.1","action":"SyncServerConnectionManagerRequest", "result":"SYNC_SERVER_OK", "context":{"environment":"Prod_francecentral_prod-s01-062-eur-francecentral", "migrationStage":"NotStarted", "server":"akswtt114000013"}}
{"logTime": "0423/222936", "correlationVector":"UFmaP3e2mEgbDvq+iWeDyh.2","action":"ProcessGetUpdates", "result":"Done", "context":{"dataType":"History", "deleted":"216", "process_failed_to_decrypt":"0", "process_pending_decryption":"0", "process_success":"250", "total":"250"}}
{"logTime": "0423/222936", "correlationVector":"UFmaP3e2mEgbDvq+iWeDyh.3","action":"GetUpdates Response", "result":"Success", "context":Received 250 update(s). cV=UFmaP3e2mEgbDvq+iWeDyh.0;server=akswtt114000013;cloudType=Consumer;environment=Prod_francecentral_prod-s01-062-eur-francecentral;migrationStage=NotStarted Some updates remain.}
{"logTime": "0423/222936", "correlationVector":"CHe28TsE9AfXixBskjol0B","action":"Initial GetUpdates", "result":"", "context":Reason: NEWLY_SUPPORTED_DATATYPE. cV=CHe28TsE9AfXixBskjol0B}
{"logTime": "0423/222936", "correlationVector":"CHe28TsE9AfXixBskjol0B.1","action":"SyncServerConnectionManagerRequest", "result":"SYNC_SERVER_OK", "context":{"environment":"Prod_francecentral_prod-s01-062-eur-francecentral", "migrationStage":"NotStarted", "server":"akswtt114000008"}}
{"logTime": "0423/222936", "correlationVector":"CHe28TsE9AfXixBskjol0B.2","action":"ProcessGetUpdates", "result":"Done", "context":{"dataType":"History", "deleted":"80", "process_failed_to_decrypt":"0", "process_pending_decryption":"0", "process_success":"250", "total":"250"}}
{"logTime": "0423/222936", "correlationVector":"CHe28TsE9AfXixBskjol0B.3","action":"GetUpdates Response", "result":"Success", "context":Received 250 update(s). cV=CHe28TsE9AfXixBskjol0B.0;server=akswtt114000008;cloudType=Consumer;environment=Prod_francecentral_prod-s01-062-eur-francecentral;migrationStage=NotStarted Some updates remain.}
{"logTime": "0423/222936", "correlationVector":"WNBY6Gia4F3PKd0IYTtdVc","action":"Initial GetUpdates", "result":"", "context":Reason: NEWLY_SUPPORTED_DATATYPE. cV=WNBY6Gia4F3PKd0IYTtdVc}
{"logTime": "0423/222937", "correlationVector":"WNBY6Gia4F3PKd0IYTtdVc.1","action":"SyncServerConnectionManagerRequest", "result":"SYNC_SERVER_OK", "context":{"environment":"Prod_francecentral_prod-s01-062-eur-francecentral", "migrationStage":"NotStarted", "server":"akswtt11400000m"}}
{"logTime": "0423/222937", "correlationVector":"WNBY6Gia4F3PKd0IYTtdVc.2","action":"ProcessGetUpdates", "result":"Done", "context":{"dataType":"History", "deleted":"0", "process_failed_to_decrypt":"0", "process_pending_decryption":"0", "process_success":"250", "total":"250"}}
{"logTime": "0423/222937", "correlationVector":"WNBY6Gia4F3PKd0IYTtdVc.3","action":"GetUpdates Response", "result":"Success", "context":Received 250 update(s). cV=WNBY6Gia4F3PKd0IYTtdVc.0;server=akswtt11400000m;cloudType=Consumer;environment=Prod_francecentral_prod-s01-062-eur-francecentral;migrationStage=NotStarted Some updates remain.}
{"logTime": "0423/222937", "correlationVector":"WEcefUsIJ2QnfGZoVVs0z5","action":"Initial GetUpdates", "result":"", "context":Reason: NEWLY_SUPPORTED_DATATYPE. cV=WEcefUsIJ2QnfGZoVVs0z5}
{"logTime": "0423/222938", "correlationVector":"WEcefUsIJ2QnfGZoVVs0z5.1","action":"SyncServerConnectionManagerRequest", "result":"SYNC_SERVER_OK", "context":{"environment":"Prod_francecentral_prod-s01-062-eur-francecentral", "migrationStage":"NotStarted", "server":"akswtt11400000x"}}
{"logTime": "0423/222938", "correlationVector":"WEcefUsIJ2QnfGZoVVs0z5.2","action":"ProcessGetUpdates", "result":"Done", "context":{"dataType":"History", "deleted":"0", "process_failed_to_decrypt":"0", "process_pending_decryption":"0", "process_success":"250", "total":"250"}}
{"logTime": "0423/222938", "correlationVector":"WEcefUsIJ2QnfGZoVVs0z5.3","action":"GetUpdates Response", "result":"Success", "context":Received 250 update(s). cV=WEcefUsIJ2QnfGZoVVs0z5.0;server=akswtt11400000x;cloudType=Consumer;environment=Prod_francecentral_prod-s01-062-eur-francecentral;migrationStage=NotStarted Some updates remain.}
{"logTime": "0423/222938", "correlationVector":"eM4tmO2imE2kZDTka6VS/3","action":"Initial GetUpdates", "result":"", "context":Reason: NEWLY_SUPPORTED_DATATYPE. cV=eM4tmO2imE2kZDTka6VS/3}
{"logTime": "0423/222938", "correlationVector":"eM4tmO2imE2kZDTka6VS/3.1","action":"SyncServerConnectionManagerRequest", "result":"SYNC_SERVER_OK", "context":{"environment":"Prod_francecentral_prod-s01-062-eur-francecentral", "migrationStage":"NotStarted", "server":"akswtt114000011"}}
{"logTime": "0423/222938", "correlationVector":"eM4tmO2imE2kZDTka6VS/3.2","action":"ProcessGetUpdates", "result":"Done", "context":{"dataType":"History", "deleted":"0", "process_failed_to_decrypt":"0", "process_pending_decryption":"0", "process_success":"250", "total":"250"}}
{"logTime": "0423/222938", "correlationVector":"eM4tmO2imE2kZDTka6VS/3.3","action":"GetUpdates Response", "result":"Success", "context":Received 250 update(s). cV=eM4tmO2imE2kZDTka6VS/3.0;server=akswtt114000011;cloudType=Consumer;environment=Prod_francecentral_prod-s01-062-eur-francecentral;migrationStage=NotStarted Some updates remain.}
{"logTime": "0423/222938", "correlationVector":"PT0VUdO59LlW1cD7Qd0qED","action":"Initial GetUpdates", "result":"", "context":Reason: NEWLY_SUPPORTED_DATATYPE. cV=PT0VUdO59LlW1cD7Qd0qED}
{"logTime": "0423/222939", "correlationVector":"PT0VUdO59LlW1cD7Qd0qED.1","action":"SyncServerConnectionManagerRequest", "result":"SYNC_SERVER_OK", "context":{"environment":"Prod_francecentral_prod-s01-062-eur-francecentral", "migrationStage":"NotStarted", "server":"akswtt11400000x"}}
{"logTime": "0423/222939", "correlationVector":"PT0VUdO59LlW1cD7Qd0qED.2","action":"ProcessGetUpdates", "result":"Done", "context":{"dataType":"History", "deleted":"0", "process_failed_to_decrypt":"0", "process_pending_decryption":"0", "process_success":"250", "total":"250"}}
{"logTime": "0423/222939", "correlationVector":"PT0VUdO59LlW1cD7Qd0qED.3","action":"GetUpdates Response", "result":"Success", "context":Received 250 update(s). cV=PT0VUdO59LlW1cD7Qd0qED.0;server=akswtt11400000x;cloudType=Consumer;environment=Prod_francecentral_prod-s01-062-eur-francecentral;migrationStage=NotStarted Some updates remain.}
{"logTime": "0423/222939", "correlationVector":"9dp6PWYKWu5OPBszoHkPW0","action":"Initial GetUpdates", "result":"", "context":Reason: NEWLY_SUPPORTED_DATATYPE. cV=9dp6PWYKWu5OPBszoHkPW0}
{"logTime": "0423/222940", "correlationVector":"9dp6PWYKWu5OPBszoHkPW0.1","action":"SyncServerConnectionManagerRequest", "result":"SYNC_SERVER_OK", "context":{"environment":"Prod_francecentral_prod-s01-062-eur-francecentral", "migrationStage":"NotStarted", "server":"akswtt114000008"}}
{"logTime": "0423/222940", "correlationVector":"9dp6PWYKWu5OPBszoHkPW0.2","action":"ProcessGetUpdates", "result":"Done", "context":{"dataType":"History", "deleted":"0", "process_failed_to_decrypt":"0", "process_pending_decryption":"0", "process_success":"250", "total":"250"}}
{"logTime": "0423/222940", "correlationVector":"9dp6PWYKWu5OPBszoHkPW0.3","action":"GetUpdates Response", "result":"Success", "context":Received 250 update(s). cV=9dp6PWYKWu5OPBszoHkPW0.0;server=akswtt114000008;cloudType=Consumer;environment=Prod_francecentral_prod-s01-062-eur-francecentral;migrationStage=NotStarted Some updates remain.}
{"logTime": "0423/222940", "correlationVector":"2j0g9AgSfIdHt/KydwIsp9","action":"Initial GetUpdates", "result":"", "context":Reason: NEWLY_SUPPORTED_DATATYPE. cV=2j0g9AgSfIdHt/KydwIsp9}
{"logTime": "0423/222940", "correlationVector":"2j0g9AgSfIdHt/KydwIsp9.1","action":"SyncServerConnectionManagerRequest", "result":"SYNC_SERVER_OK", "context":{"environment":"Prod_francecentral_prod-s01-062-eur-francecentral", "migrationStage":"NotStarted", "server":"akswtt11400001j"}}
{"logTime": "0423/222940", "correlationVector":"2j0g9AgSfIdHt/KydwIsp9.2","action":"ProcessGetUpdates", "result":"Done", "context":{"dataType":"History", "deleted":"0", "process_failed_to_decrypt":"0", "process_pending_decryption":"0", "process_success":"250", "total":"250"}}
{"logTime": "0423/222940", "correlationVector":"2j0g9AgSfIdHt/KydwIsp9.3","action":"GetUpdates Response", "result":"Success", "context":Received 250 update(s). cV=2j0g9AgSfIdHt/KydwIsp9.0;server=akswtt11400001j;cloudType=Consumer;environment=Prod_francecentral_prod-s01-062-eur-francecentral;migrationStage=NotStarted Some updates remain.}
{"logTime": "0423/222940", "correlationVector":"kjNn8jYg+dB/7MvqsqqzY5","action":"Initial GetUpdates", "result":"", "context":Reason: NEWLY_SUPPORTED_DATATYPE. cV=kjNn8jYg+dB/7MvqsqqzY5}
{"logTime": "0423/222941", "correlationVector":"kjNn8jYg+dB/7MvqsqqzY5.1","action":"SyncServerConnectionManagerRequest", "result":"SYNC_SERVER_OK", "context":{"environment":"Prod_francecentral_prod-s01-062-eur-francecentral", "migrationStage":"NotStarted", "server":"akswtt11400001i"}}
{"logTime": "0423/222941", "correlationVector":"kjNn8jYg+dB/7MvqsqqzY5.2","action":"ProcessGetUpdates", "result":"Done", "context":{"dataType":"History", "deleted":"0", "process_failed_to_decrypt":"0", "process_pending_decryption":"0", "process_success":"250", "total":"250"}}
{"logTime": "0423/222941", "correlationVector":"kjNn8jYg+dB/7MvqsqqzY5.3","action":"GetUpdates Response", "result":"Success", "context":Received 250 update(s). cV=kjNn8jYg+dB/7MvqsqqzY5.0;server=akswtt11400001i;cloudType=Consumer;environment=Prod_francecentral_prod-s01-062-eur-francecentral;migrationStage=NotStarted Some updates remain.}
{"logTime": "0423/222941", "correlationVector":"9xjIs4zNEqS6b07apsvKOM","action":"Initial GetUpdates", "result":"", "context":Reason: NEWLY_SUPPORTED_DATATYPE. cV=9xjIs4zNEqS6b07apsvKOM}
{"logTime": "0423/222942", "correlationVector":"9xjIs4zNEqS6b07apsvKOM.1","action":"SyncServerConnectionManagerRequest", "result":"SYNC_SERVER_OK", "context":{"environment":"Prod_francecentral_prod-s01-062-eur-francecentral", "migrationStage":"NotStarted", "server":"akswtt11400001i"}}
{"logTime": "0423/222942", "correlationVector":"9xjIs4zNEqS6b07apsvKOM.2","action":"ProcessGetUpdates", "result":"Done", "context":{"dataType":"History", "deleted":"0", "process_failed_to_decrypt":"0", "process_pending_decryption":"0", "process_success":"250", "total":"250"}}
{"logTime": "0423/222942", "correlationVector":"9xjIs4zNEqS6b07apsvKOM.3","action":"GetUpdates Response", "result":"Success", "context":Received 250 update(s). cV=9xjIs4zNEqS6b07apsvKOM.0;server=akswtt11400001i;cloudType=Consumer;environment=Prod_francecentral_prod-s01-062-eur-francecentral;migrationStage=NotStarted Some updates remain.}
{"logTime": "0423/222942", "correlationVector":"396iCYzJowffAkur8PvqWF","action":"Initial GetUpdates", "result":"", "context":Reason: NEWLY_SUPPORTED_DATATYPE. cV=396iCYzJowffAkur8PvqWF}
{"logTime": "0423/222943", "correlationVector":"396iCYzJowffAkur8PvqWF.1","action":"SyncServerConnectionManagerRequest", "result":"SYNC_SERVER_OK", "context":{"environment":"Prod_francecentral_prod-s01-062-eur-francecentral", "migrationStage":"NotStarted", "server":"akswtt114000008"}}
{"logTime": "0423/222943", "correlationVector":"396iCYzJowffAkur8PvqWF.2","action":"ProcessGetUpdates", "result":"Done", "context":{"dataType":"History", "deleted":"0", "process_failed_to_decrypt":"0", "process_pending_decryption":"0", "process_success":"250", "total":"250"}}
{"logTime": "0423/222943", "correlationVector":"396iCYzJowffAkur8PvqWF.3","action":"GetUpdates Response", "result":"Success", "context":Received 250 update(s). cV=396iCYzJowffAkur8PvqWF.0;server=akswtt114000008;cloudType=Consumer;environment=Prod_francecentral_prod-s01-062-eur-francecentral;migrationStage=NotStarted Some updates remain.}
{"logTime": "0423/222943", "correlationVector":"qUu1hnl21I7kcPWmQtroA/","action":"Initial GetUpdates", "result":"", "context":Reason: NEWLY_SUPPORTED_DATATYPE. cV=qUu1hnl21I7kcPWmQtroA/}
{"logTime": "0423/222943", "correlationVector":"qUu1hnl21I7kcPWmQtroA/.1","action":"SyncServerConnectionManagerRequest", "result":"SYNC_SERVER_OK", "context":{"environment":"Prod_francecentral_prod-s01-062-eur-francecentral", "migrationStage":"NotStarted", "server":"akswtt11400000x"}}
{"logTime": "0423/222943", "correlationVector":"qUu1hnl21I7kcPWmQtroA/.2","action":"ProcessGetUpdates", "result":"Done", "context":{"dataType":"History", "deleted":"0", "process_failed_to_decrypt":"0", "process_pending_decryption":"0", "process_success":"21", "total":"21"}}
{"logTime": "0423/222943", "correlationVector":"qUu1hnl21I7kcPWmQtroA/.3","action":"GetUpdates Response", "result":"Success", "context":Received 21 update(s). cV=qUu1hnl21I7kcPWmQtroA/.0;server=akswtt11400000x;cloudType=Consumer;environment=Prod_francecentral_prod-s01-062-eur-francecentral;migrationStage=NotStarted}
{"logTime": "0423/222943", "correlationVector":"nsr5vAzGGuHXnKPb1S8c9Y","action":"Normal GetUpdate request", "result":"", "context":cV=nsr5vAzGGuHXnKPb1S8c9Y
Nudged types: Preferences, Passwords, Sessions, Device Info, History
Refresh requested types: Bookmarks, Preferences, Passwords, Autofill Profiles, Autofill, Extensions, Sessions, Extension settings, History Delete Directives, Device Info, User Consents, Send Tab To Self, Web Apps, History, Saved Tab Group, WebAuthn Credentials, Collection, Edge E Drop, Edge Hub App Usage, Edge Wallet, Edge Workspace, Encryption Keys}
{"logTime": "0423/222944", "correlationVector":"nsr5vAzGGuHXnKPb1S8c9Y.1","action":"SyncServerConnectionManagerRequest", "result":"SYNC_SERVER_OK", "context":{"environment":"Prod_francecentral_prod-s01-062-eur-francecentral", "migrationStage":"NotStarted", "server":"akswtt114000011"}}
{"logTime": "0423/222944", "correlationVector":"nsr5vAzGGuHXnKPb1S8c9Y.2","action":"GetUpdates Response", "result":"Success", "context":Received 0 update(s). cV=nsr5vAzGGuHXnKPb1S8c9Y.0;server=akswtt114000011;cloudType=Consumer;environment=Prod_francecentral_prod-s01-062-eur-francecentral;migrationStage=NotStarted}
{"logTime": "0423/222944", "correlationVector":"QDqbWsjWw7y1UZBaIXNURZ","action":"Commit Request", "result":"", "context":Item count: 34
Contributing types: Preferences, Passwords, Sessions, Device Info, History}
{"logTime": "0423/222945", "correlationVector":"QDqbWsjWw7y1UZBaIXNURZ.1","action":"SyncServerConnectionManagerRequest", "result":"SYNC_SERVER_OK", "context":{"environment":"Prod_francecentral_prod-s01-062-eur-francecentral", "migrationStage":"NotStarted", "server":"akswtt11400001j"}}
{"logTime": "0423/222945", "correlationVector":"QDqbWsjWw7y1UZBaIXNURZ.2","action":"Commit Response", "result":"Success", "context":Result: Success. cV=QDqbWsjWw7y1UZBaIXNURZ.0;server=akswtt11400001j;cloudType=Consumer;environment=Prod_francecentral_prod-s01-062-eur-francecentral;migrationStage=NotStarted}
{"logTime": "0423/222946", "correlationVector":"/uGSRlXMpZhCePREeCKJcD","action":"Poll GetUpdate request", "result":"", "context":cV=/uGSRlXMpZhCePREeCKJcD}
{"logTime": "0423/222946", "correlationVector":"/uGSRlXMpZhCePREeCKJcD.1","action":"SyncServerConnectionManagerRequest", "result":"SYNC_SERVER_OK", "context":{"environment":"Prod_francecentral_prod-s01-062-eur-francecentral", "migrationStage":"NotStarted", "server":"akswtt11400000x"}}
{"logTime": "0423/222946", "correlationVector":"/uGSRlXMpZhCePREeCKJcD.2","action":"ProcessGetUpdates", "result":"Done", "context":{"dataType":"Preferences", "deleted":"0", "process_failed_to_decrypt":"0", "process_pending_decryption":"0", "process_success":"1", "total":"1"}}
{"logTime": "0423/222946", "correlationVector":"/uGSRlXMpZhCePREeCKJcD.3","action":"ProcessGetUpdates", "result":"Done", "context":{"dataType":"Passwords", "deleted":"0", "process_failed_to_decrypt":"0", "process_pending_decryption":"0", "process_success":"26", "total":"26"}}
{"logTime": "0423/222946", "correlationVector":"/uGSRlXMpZhCePREeCKJcD.4","action":"ProcessGetUpdates", "result":"Done", "context":{"dataType":"Sessions", "deleted":"0", "process_failed_to_decrypt":"0", "process_pending_decryption":"0", "process_success":"2", "total":"2"}}
{"logTime": "0423/222946", "correlationVector":"/uGSRlXMpZhCePREeCKJcD.5","action":"ProcessGetUpdates", "result":"Done", "context":{"dataType":"Device Info", "deleted":"0", "process_failed_to_decrypt":"0", "process_pending_decryption":"0", "process_success":"1", "total":"1"}}
{"logTime": "0423/222946", "correlationVector":"/uGSRlXMpZhCePREeCKJcD.6","action":"ProcessGetUpdates", "result":"Done", "context":{"dataType":"History", "deleted":"0", "process_failed_to_decrypt":"0", "process_pending_decryption":"0", "process_success":"4", "total":"4"}}
{"logTime": "0423/222946", "correlationVector":"/uGSRlXMpZhCePREeCKJcD.7","action":"GetUpdates Response", "result":"Success", "context":Received 34 update(s). cV=/uGSRlXMpZhCePREeCKJcD.0;server=akswtt11400000x;cloudType=Consumer;environment=Prod_francecentral_prod-s01-062-eur-francecentral;migrationStage=NotStarted}
{"logTime": "0423/223040", "correlationVector":"MTNhlDTQuMhWDLNQIgSJFE","action":"Commit Request", "result":"", "context":Item count: 4
Contributing types: Sessions, Device Info, History}
{"logTime": "0423/223040", "correlationVector":"MTNhlDTQuMhWDLNQIgSJFE.1","action":"SyncServerConnectionManagerRequest", "result":"SYNC_SERVER_OK", "context":{"environment":"Prod_francecentral_prod-s01-062-eur-francecentral", "migrationStage":"NotStarted", "server":"akswtt114000011"}}
{"logTime": "0423/223040", "correlationVector":"MTNhlDTQuMhWDLNQIgSJFE.2","action":"Commit Response", "result":"Success", "context":Result: Success. cV=MTNhlDTQuMhWDLNQIgSJFE.0;server=akswtt114000011;cloudType=Consumer;environment=Prod_francecentral_prod-s01-062-eur-francecentral;migrationStage=NotStarted}
{"logTime": "0423/232157", "correlationVector":"CGIBRBxgj1ehgYD4Ev1kua.1","action":"SyncServerConnectionManagerRequest", "result":"SYNC_SERVER_OK", "context":{"environment":"Prod_francecentral_prod-s01-062-eur-francecentral", "migrationStage":"NotStarted", "server":"akswtt114000000"}}
{"logTime": "0423/232157", "correlationVector":"CGIBRBxgj1ehgYD4Ev1kua.2","action":"ProcessGetUpdates", "result":"Done", "context":{"dataType":"Encryption Keys", "deleted":"0", "process_failed_to_decrypt":"0", "process_pending_decryption":"0", "process_success":"1", "total":"1"}}
{"logTime": "0423/232158", "correlationVector":"/FmVzuAA2IwcpfZ6EGcVNt","action":"SyncServerConnectionManagerRequest", "result":"SYNC_SERVER_OK", "context":{"environment":"", "migrationStage":"", "server":""}}
{"logTime": "0423/232158", "correlationVector":"/FmVzuAA2IwcpfZ6EGcVNt.0","action":"EncryptionKeysFetcher.DownloadKeys:", "result":"Success", "context":Key count: 4, Last key timestamp: 2026-01-20T13:50:32Z}
{"logTime": "0423/232158", "correlationVector":"/FmVzuAA2IwcpfZ6EGcVNt.1","action":"EncryptionKeysManager::SetEncryptionKeys:", "result":"Success", "context":Key names[4]:[gyVx9dZkBL3MJE2nw7jDkFX22NyM3Tu+Ra+cGYhOUyV0v3dPtxDMrdV09B1cmj9B6VPkI6QkAitPAdwBEVf9sA==][5XdURZUnosKQzhDD3wL+bdwnMqiv+U6X846hAIqrZNcKgVeLyEnBJ7N8PWY+92Mv2trxWT+mP/rmwnLYhN5J/A==][qgkf12ey1NasTDm1g20JLLSAjwPVM30TGskDixGPkJ4nmpMvWFeWBYiAHFt6qTlYCKk986bShaU8H4Dt8CQDqw==][EiI511vVn+A4AGkD6dxCmRbnaN+X/f+D5kWRrTHPOFAk537H47rMQSo/x9ArMuyCmrVNr9pfuzWY0hm0IzfNMA==]}
{"logTime": "0423/232158", "correlationVector":"/FmVzuAA2IwcpfZ6EGcVNt.2","action":"EncryptionKeysManager::SetEncryptionKeysWithTimestamps:", "result":"Success", "context":Key timestamps[4]:[2024-09-08T20:07:40Z][2025-01-24T00:25:48Z][2025-07-24T11:09:23Z][2026-01-20T13:50:32Z]}
{"logTime": "0423/232158", "correlationVector":"CGIBRBxgj1ehgYD4Ev1kua","action":"Initial GetUpdates", "result":"", "context":Reason: NEW_CLIENT. cV=CGIBRBxgj1ehgYD4Ev1kua}
{"logTime": "0423/232158", "correlationVector":"CGIBRBxgj1ehgYD4Ev1kua.3","action":"GetUpdates Response", "result":"Success", "context":Received 1 update(s). cV=CGIBRBxgj1ehgYD4Ev1kua.0;server=akswtt114000000;cloudType=Consumer;environment=Prod_francecentral_prod-s01-062-eur-francecentral;migrationStage=NotStarted}
{"logTime": "0423/232158", "correlationVector":"xj3VccmiXmg0H39nSytUm9","action":"Initial GetUpdates", "result":"", "context":Reason: NEWLY_SUPPORTED_DATATYPE. cV=xj3VccmiXmg0H39nSytUm9}
{"logTime": "0423/232158", "correlationVector":"xj3VccmiXmg0H39nSytUm9.1","action":"SyncServerConnectionManagerRequest", "result":"SYNC_SERVER_OK", "context":{"environment":"Prod_francecentral_prod-s01-062-eur-francecentral", "migrationStage":"NotStarted", "server":"akswtt11400000f"}}
{"logTime": "0423/232158", "correlationVector":"xj3VccmiXmg0H39nSytUm9.2","action":"ProcessGetUpdates", "result":"Done", "context":{"dataType":"Passwords", "deleted":"0", "process_failed_to_decrypt":"0", "process_pending_decryption":"0", "process_success":"31", "total":"31"}}
{"logTime": "0423/232158", "correlationVector":"xj3VccmiXmg0H39nSytUm9.3","action":"GetUpdates Response", "result":"Success", "context":Received 31 update(s). cV=xj3VccmiXmg0H39nSytUm9.0;server=akswtt11400000f;cloudType=Consumer;environment=Prod_francecentral_prod-s01-062-eur-francecentral;migrationStage=NotStarted}
{"logTime": "0423/232158", "correlationVector":"TEP7h6h5CZTDgJB0v1TdQr","action":"Normal GetUpdate request", "result":"", "context":cV=TEP7h6h5CZTDgJB0v1TdQr
Nudged types: Sessions, Device Info, History
Refresh requested types: Bookmarks, Preferences, Passwords, Autofill Profiles, Autofill, Extensions, Sessions, Extension settings, History Delete Directives, Device Info, User Consents, Send Tab To Self, Web Apps, History, Saved Tab Group, WebAuthn Credentials, Collection, Edge E Drop, Edge Hub App Usage, Edge Wallet, Edge Workspace, Encryption Keys}
{"logTime": "0423/232159", "correlationVector":"TEP7h6h5CZTDgJB0v1TdQr.1","action":"SyncServerConnectionManagerRequest", "result":"SYNC_SERVER_OK", "context":{"environment":"Prod_francecentral_prod-s01-062-eur-francecentral", "migrationStage":"NotStarted", "server":"akswtt11400000g"}}
{"logTime": "0423/232159", "correlationVector":"TEP7h6h5CZTDgJB0v1TdQr.2","action":"ProcessGetUpdates", "result":"Done", "context":{"dataType":"Preferences", "deleted":"0", "process_failed_to_decrypt":"0", "process_pending_decryption":"0", "process_success":"2", "total":"2"}}
{"logTime": "0423/232159", "correlationVector":"TEP7h6h5CZTDgJB0v1TdQr.3","action":"ProcessGetUpdates", "result":"Done", "context":{"dataType":"Sessions", "deleted":"21", "process_failed_to_decrypt":"0", "process_pending_decryption":"0", "process_success":"27", "total":"27"}}
{"logTime": "0423/232159", "correlationVector":"TEP7h6h5CZTDgJB0v1TdQr.4","action":"ProcessGetUpdates", "result":"Done", "context":{"dataType":"Extension settings", "deleted":"0", "process_failed_to_decrypt":"0", "process_pending_decryption":"0", "process_success":"1", "total":"1"}}
{"logTime": "0423/232159", "correlationVector":"TEP7h6h5CZTDgJB0v1TdQr.5","action":"ProcessGetUpdates", "result":"Done", "context":{"dataType":"Device Info", "deleted":"0", "process_failed_to_decrypt":"0", "process_pending_decryption":"0", "process_success":"2", "total":"2"}}
{"logTime": "0423/232159", "correlationVector":"TEP7h6h5CZTDgJB0v1TdQr.6","action":"ProcessGetUpdates", "result":"Done", "context":{"dataType":"History", "deleted":"0", "process_failed_to_decrypt":"0", "process_pending_decryption":"0", "process_success":"115", "total":"115"}}
{"logTime": "0423/232159", "correlationVector":"TEP7h6h5CZTDgJB0v1TdQr.7","action":"GetUpdates Response", "result":"Success", "context":Received 147 update(s). cV=TEP7h6h5CZTDgJB0v1TdQr.0;server=akswtt11400000g;cloudType=Consumer;environment=Prod_francecentral_prod-s01-062-eur-francecentral;migrationStage=NotStarted}
{"logTime": "0423/232159", "correlationVector":"4jltbCd3euhPdmn2o8DlUn","action":"Commit Request", "result":"", "context":Item count: 1
Contributing types: History}
{"logTime": "0423/232159", "correlationVector":"4jltbCd3euhPdmn2o8DlUn.1","action":"SyncServerConnectionManagerRequest", "result":"SYNC_SERVER_OK", "context":{"environment":"Prod_francecentral_prod-s01-062-eur-francecentral", "migrationStage":"NotStarted", "server":"akswtt114000008"}}
{"logTime": "0423/232159", "correlationVector":"4jltbCd3euhPdmn2o8DlUn.2","action":"Commit Response", "result":"Success", "context":Result: Success. cV=4jltbCd3euhPdmn2o8DlUn.0;server=akswtt114000008;cloudType=Consumer;environment=Prod_francecentral_prod-s01-062-eur-francecentral;migrationStage=NotStarted}
{"logTime": "0423/232302", "correlationVector":"ugatR30PC+bGunJrQWHG4l","action":"Commit Request", "result":"", "context":Item count: 5
Contributing types: Sessions, Device Info, History}
{"logTime": "0423/232305", "correlationVector":"ugatR30PC+bGunJrQWHG4l.1","action":"SyncServerConnectionManagerRequest", "result":"SYNC_SERVER_OK", "context":{"environment":"Prod_francecentral_prod-s01-062-eur-francecentral", "migrationStage":"NotStarted", "server":"akswtt114000008"}}
{"logTime": "0423/232305", "correlationVector":"ugatR30PC+bGunJrQWHG4l.2","action":"Commit Response", "result":"Success", "context":Result: Success. cV=ugatR30PC+bGunJrQWHG4l.0;server=akswtt114000008;cloudType=Consumer;environment=Prod_francecentral_prod-s01-062-eur-francecentral;migrationStage=NotStarted}
{"logTime": "0423/232308", "correlationVector":"Um5ZAZl5qqghZF2loxSObG","action":"Commit Request", "result":"", "context":Item count: 27
Contributing types: Preferences, Passwords}
{"logTime": "0423/232309", "correlationVector":"Um5ZAZl5qqghZF2loxSObG.1","action":"SyncServerConnectionManagerRequest", "result":"SYNC_SERVER_OK", "context":{"environment":"Prod_francecentral_prod-s01-062-eur-francecentral", "migrationStage":"NotStarted", "server":"akswtt11400000f"}}
{"logTime": "0423/232309", "correlationVector":"Um5ZAZl5qqghZF2loxSObG.2","action":"Commit Response", "result":"Success", "context":Result: Success. cV=Um5ZAZl5qqghZF2loxSObG.0;server=akswtt11400000f;cloudType=Consumer;environment=Prod_francecentral_prod-s01-062-eur-francecentral;migrationStage=NotStarted}
